Sep 17 11:31:18 +0000 OX-5b9f908555ddf [  warning]  count(): Parameter must be an array or an object that implements Countable
Sep 17 11:31:18 +0000 OX-5b9f908555ddf [  warning]  count(): Parameter must be an array or an object that implements Countable
Sep 17 11:31:22 +0000 OX-5b9f908a4817c [  warning]  count(): Parameter must be an array or an object that implements Countable
Sep 17 11:31:22 +0000 OX-5b9f908a4817c [  warning]  count(): Parameter must be an array or an object that implements Countable
Sep 17 11:31:22 +0000 OX-5b9f908a4817c [  warning]  count(): Parameter must be an array or an object that implements Countable
Sep 17 11:31:22 +0000 OX-5b9f908a4817c [  warning]  count(): Parameter must be an array or an object that implements Countable
Sep 17 11:31:22 +0000 OX-5b9f908a4817c [  warning]  count(): Parameter must be an array or an object that implements Countable
Sep 17 11:31:22 +0000 OX-5b9f908a4817c [  warning]  count(): Parameter must be an array or an object that implements Countable
Sep 17 11:31:22 +0000 OX-5b9f908a4817c [  warning]  count(): Parameter must be an array or an object that implements Countable
Sep 17 11:31:22 +0000 OX-5b9f908a4817c [  warning]  count(): Parameter must be an array or an object that implements Countable
Sep 17 11:31:22 +0000 OX-5b9f908a4817c [  warning]  count(): Parameter must be an array or an object that implements Countable
Sep 17 11:31:22 +0000 OX-5b9f908a4817c [  warning]  count(): Parameter must be an array or an object that implements Countable
Sep 17 11:31:22 +0000 OX-5b9f908a4817c [  warning]  count(): Parameter must be an array or an object that implements Countable
Sep 17 11:31:22 +0000 OX-5b9f908a4817c [  warning]  count(): Parameter must be an array or an object that implements Countable
Sep 17 11:31:22 +0000 OX-5b9f908a4817c [  warning]  count(): Parameter must be an array or an object that implements Countable
Sep 17 11:31:22 +0000 OX-5b9f908a4817c [  warning]  count(): Parameter must be an array or an object that implements Countable
Sep 17 11:31:22 +0000 OX-5b9f908a4817c [  warning]  count(): Parameter must be an array or an object that implements Countable
Sep 17 11:31:22 +0000 OX-5b9f908a4817c [  warning]  count(): Parameter must be an array or an object that implements Countable
Sep 17 11:31:22 +0000 OX-5b9f908a4817c [  warning]  count(): Parameter must be an array or an object that implements Countable
Sep 17 11:31:22 +0000 OX-5b9f908a4817c [  warning]  count(): Parameter must be an array or an object that implements Countable
Sep 17 11:31:22 +0000 OX-5b9f908a4817c [  warning]  count(): Parameter must be an array or an object that implements Countable
Sep 17 11:31:22 +0000 OX-5b9f908a4817c [  warning]  count(): Parameter must be an array or an object that implements Countable
Sep 17 11:31:22 +0000 OX-5b9f908a4817c [  warning]  count(): Parameter must be an array or an object that implements Countable
Sep 17 11:31:22 +0000 OX-5b9f908a4817c [  warning]  count(): Parameter must be an array or an object that implements Countable
Sep 17 11:31:22 +0000 OX-5b9f908a4817c [  warning]  count(): Parameter must be an array or an object that implements Countable
Sep 17 11:31:22 +0000 OX-5b9f908a4817c [  warning]  count(): Parameter must be an array or an object that implements Countable
Sep 17 11:31:22 +0000 OX-5b9f908a4817c [  warning]  count(): Parameter must be an array or an object that implements Countable
Sep 17 11:31:22 +0000 OX-5b9f908a4817c [  warning]  count(): Parameter must be an array or an object that implements Countable
Sep 17 11:31:22 +0000 OX-5b9f908a4817c [  warning]  count(): Parameter must be an array or an object that implements Countable
Sep 17 11:31:22 +0000 OX-5b9f908a4817c [  warning]  count(): Parameter must be an array or an object that implements Countable
Sep 17 11:31:22 +0000 OX-5b9f908a4817c [  warning]  count(): Parameter must be an array or an object that implements Countable
Sep 17 11:31:22 +0000 OX-5b9f908a4817c [  warning]  count(): Parameter must be an array or an object that implements Countable
Sep 17 11:31:22 +0000 OX-5b9f908a4817c [  warning]  count(): Parameter must be an array or an object that implements Countable
Sep 17 11:31:22 +0000 OX-5b9f908a4817c [  warning]  count(): Parameter must be an array or an object that implements Countable
Sep 17 11:31:22 +0000 OX-5b9f908a4817c [  warning]  count(): Parameter must be an array or an object that implements Countable
Sep 17 11:31:22 +0000 OX-5b9f908a4817c [  warning]  count(): Parameter must be an array or an object that implements Countable
Sep 17 11:31:22 +0000 OX-5b9f908a4817c [  warning]  count(): Parameter must be an array or an object that implements Countable
Sep 17 11:31:22 +0000 OX-5b9f908a4817c [  warning]  count(): Parameter must be an array or an object that implements Countable
Sep 17 11:31:22 +0000 OX-5b9f908a4817c [  warning]  count(): Parameter must be an array or an object that implements Countable
Sep 17 11:31:22 +0000 OX-5b9f908a4817c [  warning]  count(): Parameter must be an array or an object that implements Countable
Sep 17 11:31:22 +0000 OX-5b9f908a4817c [  warning]  count(): Parameter must be an array or an object that implements Countable
Sep 17 11:31:22 +0000 OX-5b9f908a4817c [  warning]  count(): Parameter must be an array or an object that implements Countable
Sep 17 11:31:22 +0000 OX-5b9f908a4817c [  warning]  count(): Parameter must be an array or an object that implements Countable
Sep 17 11:31:23 +0000 OX-5b9f908a4817c [  warning]  count(): Parameter must be an array or an object that implements Countable
Sep 17 11:31:23 +0000 OX-5b9f908a4817c [  warning]  count(): Parameter must be an array or an object that implements Countable
Sep 17 11:34:49 +0000 OX-5b9f9158b541b [  warning]  count(): Parameter must be an array or an object that implements Countable
Sep 17 11:34:49 +0000 OX-5b9f9158b541b [  warning]  count(): Parameter must be an array or an object that implements Countable
Sep 17 11:34:49 +0000 OX-5b9f9158b541b [  warning]  count(): Parameter must be an array or an object that implements Countable
Sep 17 11:34:49 +0000 OX-5b9f9158b541b [  warning]  count(): Parameter must be an array or an object that implements Countable
Sep 17 11:34:49 +0000 OX-5b9f9158b541b [  warning]  count(): Parameter must be an array or an object that implements Countable
Sep 17 11:34:49 +0000 OX-5b9f9158b541b [  warning]  count(): Parameter must be an array or an object that implements Countable
Sep 17 11:34:49 +0000 OX-5b9f9158b541b [  warning]  count(): Parameter must be an array or an object that implements Countable
Sep 17 11:34:49 +0000 OX-5b9f9158b541b [  warning]  count(): Parameter must be an array or an object that implements Countable
Sep 17 11:34:49 +0000 OX-5b9f9158b541b [  warning]  count(): Parameter must be an array or an object that implements Countable
Sep 17 11:34:49 +0000 OX-5b9f9158b541b [  warning]  count(): Parameter must be an array or an object that implements Countable
Sep 17 11:34:49 +0000 OX-5b9f9158b541b [  warning]  count(): Parameter must be an array or an object that implements Countable
Sep 17 11:34:49 +0000 OX-5b9f9158b541b [  warning]  count(): Parameter must be an array or an object that implements Countable
Sep 17 11:34:49 +0000 OX-5b9f9158b541b [  warning]  count(): Parameter must be an array or an object that implements Countable
Sep 17 11:34:49 +0000 OX-5b9f9158b541b [  warning]  count(): Parameter must be an array or an object that implements Countable
Sep 17 11:34:49 +0000 OX-5b9f9158b541b [  warning]  count(): Parameter must be an array or an object that implements Countable
Sep 17 11:34:49 +0000 OX-5b9f9158b541b [  warning]  count(): Parameter must be an array or an object that implements Countable
Sep 17 11:34:49 +0000 OX-5b9f9158b541b [  warning]  count(): Parameter must be an array or an object that implements Countable
Sep 17 11:34:49 +0000 OX-5b9f9158b541b [  warning]  count(): Parameter must be an array or an object that implements Countable
Sep 17 11:34:49 +0000 OX-5b9f9158b541b [  warning]  count(): Parameter must be an array or an object that implements Countable
Sep 17 11:34:49 +0000 OX-5b9f9158b541b [  warning]  count(): Parameter must be an array or an object that implements Countable
Sep 17 11:34:49 +0000 OX-5b9f9158b541b [  warning]  count(): Parameter must be an array or an object that implements Countable
Sep 17 11:34:49 +0000 OX-5b9f9158b541b [  warning]  count(): Parameter must be an array or an object that implements Countable
Sep 17 11:34:49 +0000 OX-5b9f9158b541b [  warning]  count(): Parameter must be an array or an object that implements Countable
Sep 17 11:34:49 +0000 OX-5b9f9158b541b [  warning]  count(): Parameter must be an array or an object that implements Countable
Sep 17 11:34:49 +0000 OX-5b9f9158b541b [  warning]  count(): Parameter must be an array or an object that implements Countable
Sep 17 11:34:49 +0000 OX-5b9f9158b541b [  warning]  count(): Parameter must be an array or an object that implements Countable
Sep 17 11:34:49 +0000 OX-5b9f9158b541b [  warning]  count(): Parameter must be an array or an object that implements Countable
Sep 17 11:34:49 +0000 OX-5b9f9158b541b [  warning]  count(): Parameter must be an array or an object that implements Countable
Sep 17 11:34:49 +0000 OX-5b9f9158b541b [  warning]  count(): Parameter must be an array or an object that implements Countable
Sep 17 11:34:49 +0000 OX-5b9f9158b541b [  warning]  count(): Parameter must be an array or an object that implements Countable
Sep 17 11:34:49 +0000 OX-5b9f9158b541b [  warning]  count(): Parameter must be an array or an object that implements Countable
Sep 17 11:34:49 +0000 OX-5b9f9158b541b [  warning]  count(): Parameter must be an array or an object that implements Countable
Sep 17 11:34:49 +0000 OX-5b9f9158b541b [  warning]  count(): Parameter must be an array or an object that implements Countable
Sep 17 11:34:49 +0000 OX-5b9f9158b541b [  warning]  count(): Parameter must be an array or an object that implements Countable
Sep 17 11:34:49 +0000 OX-5b9f9158b541b [  warning]  count(): Parameter must be an array or an object that implements Countable
Sep 17 11:34:49 +0000 OX-5b9f9158b541b [  warning]  count(): Parameter must be an array or an object that implements Countable
Sep 17 11:34:49 +0000 OX-5b9f9158b541b [  warning]  count(): Parameter must be an array or an object that implements Countable
Sep 17 11:34:49 +0000 OX-5b9f9158b541b [  warning]  count(): Parameter must be an array or an object that implements Countable
Sep 17 11:34:49 +0000 OX-5b9f9158b541b [  warning]  count(): Parameter must be an array or an object that implements Countable
Sep 17 11:34:49 +0000 OX-5b9f9158b541b [  warning]  count(): Parameter must be an array or an object that implements Countable
Sep 17 11:34:49 +0000 OX-5b9f9158b541b [  warning]  count(): Parameter must be an array or an object that implements Countable
Sep 17 11:34:49 +0000 OX-5b9f9158b541b [  warning]  count(): Parameter must be an array or an object that implements Countable
Sep 17 11:34:49 +0000 OX-5b9f9158b541b [  warning]  count(): Parameter must be an array or an object that implements Countable
Sep 17 11:34:49 +0000 OX-5b9f9158b541b [  warning]  count(): Parameter must be an array or an object that implements Countable
Sep 17 11:34:49 +0000 OX-5b9f91595dcbe [  warning]  count(): Parameter must be an array or an object that implements Countable
Sep 17 11:34:49 +0000 OX-5b9f91595dcbe [  warning]  count(): Parameter must be an array or an object that implements Countable
Sep 17 11:35:05 +0000 OX-5b9f916860977 [    error]  Unable to drop table rv_account_preference_assoc
Sep 17 11:35:05 +0000 OX-5b9f916860977 [    error]  Unable to drop the table account_preference_assoc
Sep 17 11:35:05 +0000 OX-5b9f916860977 [    error]  Unable to drop table rv_account_user_assoc
Sep 17 11:35:05 +0000 OX-5b9f916860977 [    error]  Unable to drop the table account_user_assoc
Sep 17 11:35:05 +0000 OX-5b9f916860977 [    error]  Unable to drop table rv_account_user_permission_assoc
Sep 17 11:35:05 +0000 OX-5b9f916860977 [    error]  Unable to drop the table account_user_permission_assoc
Sep 17 11:35:05 +0000 OX-5b9f916860977 [    error]  Unable to drop table rv_accounts
Sep 17 11:35:05 +0000 OX-5b9f916860977 [    error]  Unable to drop the table accounts
Sep 17 11:35:05 +0000 OX-5b9f916860977 [    error]  Unable to drop table rv_acls
Sep 17 11:35:05 +0000 OX-5b9f916860977 [    error]  Unable to drop the table acls
Sep 17 11:35:05 +0000 OX-5b9f916860977 [    error]  Unable to drop table rv_acls_channel
Sep 17 11:35:05 +0000 OX-5b9f916860977 [    error]  Unable to drop the table acls_channel
Sep 17 11:35:05 +0000 OX-5b9f916860977 [    error]  Unable to drop table rv_ad_category_assoc
Sep 17 11:35:05 +0000 OX-5b9f916860977 [    error]  Unable to drop the table ad_category_assoc
Sep 17 11:35:05 +0000 OX-5b9f916860977 [    error]  Unable to drop table rv_ad_zone_assoc
Sep 17 11:35:05 +0000 OX-5b9f916860977 [    error]  Unable to drop the table ad_zone_assoc
Sep 17 11:35:05 +0000 OX-5b9f916860977 [    error]  Unable to drop table rv_affiliates
Sep 17 11:35:05 +0000 OX-5b9f916860977 [    error]  Unable to drop the table affiliates
Sep 17 11:35:05 +0000 OX-5b9f916860977 [    error]  Unable to drop table rv_affiliates_extra
Sep 17 11:35:05 +0000 OX-5b9f916860977 [    error]  Unable to drop the table affiliates_extra
Sep 17 11:35:05 +0000 OX-5b9f916860977 [    error]  Unable to drop table rv_agency
Sep 17 11:35:05 +0000 OX-5b9f916860977 [    error]  Unable to drop the table agency
Sep 17 11:35:05 +0000 OX-5b9f916860977 [    error]  Unable to drop table rv_application_variable
Sep 17 11:35:05 +0000 OX-5b9f916860977 [    error]  Unable to drop the table application_variable
Sep 17 11:35:05 +0000 OX-5b9f916860977 [    error]  Unable to drop table rv_audit
Sep 17 11:35:05 +0000 OX-5b9f916860977 [    error]  Unable to drop the table audit
Sep 17 11:35:05 +0000 OX-5b9f916860977 [    error]  Unable to drop table rv_banners
Sep 17 11:35:05 +0000 OX-5b9f916860977 [    error]  Unable to drop the table banners
Sep 17 11:35:05 +0000 OX-5b9f916860977 [    error]  Unable to drop table rv_campaigns
Sep 17 11:35:05 +0000 OX-5b9f916860977 [    error]  Unable to drop the table campaigns
Sep 17 11:35:05 +0000 OX-5b9f916860977 [    error]  Unable to drop table rv_campaigns_trackers
Sep 17 11:35:05 +0000 OX-5b9f916860977 [    error]  Unable to drop the table campaigns_trackers
Sep 17 11:35:05 +0000 OX-5b9f916860977 [    error]  Unable to drop table rv_category
Sep 17 11:35:05 +0000 OX-5b9f916860977 [    error]  Unable to drop the table category
Sep 17 11:35:05 +0000 OX-5b9f916860977 [    error]  Unable to drop table rv_channel
Sep 17 11:35:05 +0000 OX-5b9f916860977 [    error]  Unable to drop the table channel
Sep 17 11:35:05 +0000 OX-5b9f916860977 [    error]  Unable to drop table rv_clients
Sep 17 11:35:05 +0000 OX-5b9f916860977 [    error]  Unable to drop the table clients
Sep 17 11:35:05 +0000 OX-5b9f916860977 [    error]  Unable to drop table rv_data_intermediate_ad
Sep 17 11:35:05 +0000 OX-5b9f916860977 [    error]  Unable to drop the table data_intermediate_ad
Sep 17 11:35:05 +0000 OX-5b9f916860977 [    error]  Unable to drop table rv_data_intermediate_ad_connection
Sep 17 11:35:05 +0000 OX-5b9f916860977 [    error]  Unable to drop the table data_intermediate_ad_connection
Sep 17 11:35:05 +0000 OX-5b9f916860977 [    error]  Unable to drop table rv_data_intermediate_ad_variable_value
Sep 17 11:35:05 +0000 OX-5b9f916860977 [    error]  Unable to drop the table data_intermediate_ad_variable_value
Sep 17 11:35:05 +0000 OX-5b9f916860977 [    error]  Unable to drop table rv_data_raw_ad_click
Sep 17 11:35:05 +0000 OX-5b9f916860977 [    error]  Unable to drop the table data_raw_ad_click
Sep 17 11:35:05 +0000 OX-5b9f916860977 [    error]  Unable to drop table rv_data_raw_ad_impression
Sep 17 11:35:05 +0000 OX-5b9f916860977 [    error]  Unable to drop the table data_raw_ad_impression
Sep 17 11:35:05 +0000 OX-5b9f916860977 [    error]  Unable to drop table rv_data_raw_ad_request
Sep 17 11:35:05 +0000 OX-5b9f916860977 [    error]  Unable to drop the table data_raw_ad_request
Sep 17 11:35:05 +0000 OX-5b9f916860977 [    error]  Unable to drop table rv_data_raw_tracker_impression
Sep 17 11:35:05 +0000 OX-5b9f916860977 [    error]  Unable to drop the table data_raw_tracker_impression
Sep 17 11:35:05 +0000 OX-5b9f916860977 [    error]  Unable to drop table rv_data_raw_tracker_variable_value
Sep 17 11:35:05 +0000 OX-5b9f916860977 [    error]  Unable to drop the table data_raw_tracker_variable_value
Sep 17 11:35:05 +0000 OX-5b9f916860977 [    error]  Unable to drop table rv_data_summary_ad_hourly
Sep 17 11:35:05 +0000 OX-5b9f916860977 [    error]  Unable to drop the table data_summary_ad_hourly
Sep 17 11:35:05 +0000 OX-5b9f916860977 [    error]  Unable to drop table rv_data_summary_ad_zone_assoc
Sep 17 11:35:05 +0000 OX-5b9f916860977 [    error]  Unable to drop the table data_summary_ad_zone_assoc
Sep 17 11:35:05 +0000 OX-5b9f916860977 [    error]  Unable to drop table rv_data_summary_channel_daily
Sep 17 11:35:05 +0000 OX-5b9f916860977 [    error]  Unable to drop the table data_summary_channel_daily
Sep 17 11:35:05 +0000 OX-5b9f916860977 [    error]  Unable to drop table rv_data_summary_zone_impression_history
Sep 17 11:35:05 +0000 OX-5b9f916860977 [    error]  Unable to drop the table data_summary_zone_impression_history
Sep 17 11:35:05 +0000 OX-5b9f916860977 [    error]  Unable to drop table rv_images
Sep 17 11:35:05 +0000 OX-5b9f916860977 [    error]  Unable to drop the table images
Sep 17 11:35:05 +0000 OX-5b9f916860977 [    error]  Unable to drop table rv_log_maintenance_forecasting
Sep 17 11:35:05 +0000 OX-5b9f916860977 [    error]  Unable to drop the table log_maintenance_forecasting
Sep 17 11:35:05 +0000 OX-5b9f916860977 [    error]  Unable to drop table rv_log_maintenance_priority
Sep 17 11:35:05 +0000 OX-5b9f916860977 [    error]  Unable to drop the table log_maintenance_priority
Sep 17 11:35:05 +0000 OX-5b9f916860977 [    error]  Unable to drop table rv_log_maintenance_statistics
Sep 17 11:35:05 +0000 OX-5b9f916860977 [    error]  Unable to drop the table log_maintenance_statistics
Sep 17 11:35:05 +0000 OX-5b9f916860977 [    error]  Unable to drop table rv_password_recovery
Sep 17 11:35:05 +0000 OX-5b9f916860977 [    error]  Unable to drop the table password_recovery
Sep 17 11:35:05 +0000 OX-5b9f916860977 [    error]  Unable to drop table rv_placement_zone_assoc
Sep 17 11:35:05 +0000 OX-5b9f916860977 [    error]  Unable to drop the table placement_zone_assoc
Sep 17 11:35:05 +0000 OX-5b9f916860977 [    error]  Unable to drop table rv_preferences
Sep 17 11:35:05 +0000 OX-5b9f916860977 [    error]  Unable to drop the table preferences
Sep 17 11:35:05 +0000 OX-5b9f916860977 [    error]  Unable to drop table rv_session
Sep 17 11:35:05 +0000 OX-5b9f916860977 [    error]  Unable to drop the table session
Sep 17 11:35:05 +0000 OX-5b9f916860977 [    error]  Unable to drop table rv_targetstats
Sep 17 11:35:05 +0000 OX-5b9f916860977 [    error]  Unable to drop the table targetstats
Sep 17 11:35:05 +0000 OX-5b9f916860977 [    error]  Unable to drop table rv_tracker_append
Sep 17 11:35:05 +0000 OX-5b9f916860977 [    error]  Unable to drop the table tracker_append
Sep 17 11:35:05 +0000 OX-5b9f916860977 [    error]  Unable to drop table rv_trackers
Sep 17 11:35:05 +0000 OX-5b9f916860977 [    error]  Unable to drop the table trackers
Sep 17 11:35:05 +0000 OX-5b9f916860977 [    error]  Unable to drop table rv_userlog
Sep 17 11:35:05 +0000 OX-5b9f916860977 [    error]  Unable to drop the table userlog
Sep 17 11:35:05 +0000 OX-5b9f916860977 [    error]  Unable to drop table rv_users
Sep 17 11:35:05 +0000 OX-5b9f916860977 [    error]  Unable to drop the table users
Sep 17 11:35:05 +0000 OX-5b9f916860977 [    error]  Unable to drop table rv_variable_publisher
Sep 17 11:35:05 +0000 OX-5b9f916860977 [    error]  Unable to drop the table variable_publisher
Sep 17 11:35:05 +0000 OX-5b9f916860977 [    error]  Unable to drop table rv_variables
Sep 17 11:35:05 +0000 OX-5b9f916860977 [    error]  Unable to drop the table variables
Sep 17 11:35:05 +0000 OX-5b9f916860977 [    error]  Unable to drop table rv_zones
Sep 17 11:35:05 +0000 OX-5b9f916860977 [    error]  Unable to drop the table zones
Sep 17 11:35:11 +0000 OX-5b9f916e98864 [  warning]  count(): Parameter must be an array or an object that implements Countable
Sep 17 11:35:11 +0000 OX-5b9f916e98864 [  warning]  count(): Parameter must be an array or an object that implements Countable
Sep 17 11:35:32 +0000 OX-5b9f918351338 [  warning]  count(): Parameter must be an array or an object that implements Countable
Sep 17 11:35:32 +0000 OX-5b9f918351338 [  warning]  count(): Parameter must be an array or an object that implements Countable
Sep 17 11:35:33 +0000 OX-plugins-5b9f9184800a3 [     info]  starting _checkPackageContents openXBannerTypes.xml
Sep 17 11:35:33 +0000 OX-plugins-5b9f9184800a3 [     info]  expecting definition openXBannerTypes.xml
Sep 17 11:35:33 +0000 OX-plugins-5b9f9184800a3 [     info]  detected plugin definition file /plugins/etc/openXBannerTypes.xml
Sep 17 11:35:33 +0000 OX-plugins-5b9f9184800a3 [     info]  detected group definition file /plugins/etc/oxText/oxText.xml
Sep 17 11:35:33 +0000 OX-plugins-5b9f9184800a3 [     info]  detected group definition file /plugins/etc/oxHtml/oxHtml.xml
Sep 17 11:35:33 +0000 OX-plugins-5b9f9184800a3 [     info]  Executing _checkOpenXCompatibility for oxHtml
Sep 17 11:35:33 +0000 OX-plugins-5b9f9184800a3 [     info]  Executing _checkSystemEnvironment for oxHtml
Sep 17 11:35:33 +0000 OX-plugins-5b9f9184800a3 [     info]  Executing _checkDatabaseEnvironment for oxHtml
Sep 17 11:35:33 +0000 OX-plugins-5b9f9184800a3 [     info]  Executing _runScript for oxHtml
Sep 17 11:35:33 +0000 OX-plugins-5b9f9184800a3 [     info]  Executing _checkDependenciesForInstallOrEnable for oxHtml
Sep 17 11:35:33 +0000 OX-plugins-5b9f9184800a3 [     info]  Executing _checkFiles for oxHtml
Sep 17 11:35:33 +0000 OX-plugins-5b9f9184800a3 [     info]  Executing _checkNavigationCheckers for oxHtml
Sep 17 11:35:33 +0000 OX-plugins-5b9f9184800a3 [     info]  Executing _checkMenus for oxHtml
Sep 17 11:35:33 +0000 OX-plugins-5b9f9184800a3 [     info]  Executing _registerSchema for oxHtml
Sep 17 11:35:33 +0000 OX-plugins-5b9f9184800a3 [     info]  Executing _registerPreferences for oxHtml
Sep 17 11:35:33 +0000 OX-plugins-5b9f9184800a3 [     info]  Executing _registerSettings for oxHtml
Sep 17 11:35:33 +0000 OX-plugins-5b9f9184800a3 [     info]  Executing disableComponentGroup for oxHtml
Sep 17 11:35:33 +0000 OX-plugins-5b9f9184800a3 [     info]  Executing _registerPluginVersion for oxHtml
Sep 17 11:35:33 +0000 OX-plugins-5b9f9184800a3 [     info]  Executing _runScript for oxHtml
Sep 17 11:35:33 +0000 OX-plugins-5b9f9184800a3 [     info]  Executing _checkOpenXCompatibility for oxText
Sep 17 11:35:33 +0000 OX-plugins-5b9f9184800a3 [     info]  Executing _checkSystemEnvironment for oxText
Sep 17 11:35:33 +0000 OX-plugins-5b9f9184800a3 [     info]  Executing _checkDatabaseEnvironment for oxText
Sep 17 11:35:33 +0000 OX-plugins-5b9f9184800a3 [     info]  Executing _runScript for oxText
Sep 17 11:35:33 +0000 OX-plugins-5b9f9184800a3 [     info]  Executing _checkDependenciesForInstallOrEnable for oxText
Sep 17 11:35:33 +0000 OX-plugins-5b9f9184800a3 [     info]  Executing _checkFiles for oxText
Sep 17 11:35:33 +0000 OX-plugins-5b9f9184800a3 [     info]  Executing _checkNavigationCheckers for oxText
Sep 17 11:35:33 +0000 OX-plugins-5b9f9184800a3 [     info]  Executing _checkMenus for oxText
Sep 17 11:35:33 +0000 OX-plugins-5b9f9184800a3 [     info]  Executing _registerSchema for oxText
Sep 17 11:35:33 +0000 OX-plugins-5b9f9184800a3 [     info]  Executing _registerPreferences for oxText
Sep 17 11:35:33 +0000 OX-plugins-5b9f9184800a3 [     info]  Executing _registerSettings for oxText
Sep 17 11:35:33 +0000 OX-plugins-5b9f9184800a3 [     info]  Executing disableComponentGroup for oxText
Sep 17 11:35:33 +0000 OX-plugins-5b9f9184800a3 [     info]  Executing _registerPluginVersion for oxText
Sep 17 11:35:33 +0000 OX-plugins-5b9f9184800a3 [     info]  Executing _runScript for oxText
Sep 17 11:35:34 +0000 OX-5b9f9184800a3 [  warning]  count(): Parameter must be an array or an object that implements Countable
Sep 17 11:35:37 +0000 OX-plugins-5b9f918890abc [     info]  starting _checkPackageContents openXDeliveryLimitations.xml
Sep 17 11:35:37 +0000 OX-plugins-5b9f918890abc [     info]  expecting definition openXDeliveryLimitations.xml
Sep 17 11:35:37 +0000 OX-plugins-5b9f918890abc [     info]  detected group definition file /plugins/etc/Time/Time.xml
Sep 17 11:35:37 +0000 OX-plugins-5b9f918890abc [     info]  detected group definition file /plugins/etc/Site/Site.xml
Sep 17 11:35:37 +0000 OX-plugins-5b9f918890abc [     info]  detected group definition file /plugins/etc/Client/Client.xml
Sep 17 11:35:37 +0000 OX-plugins-5b9f918890abc [     info]  detected plugin definition file /plugins/etc/openXDeliveryLimitations.xml
Sep 17 11:35:37 +0000 OX-plugins-5b9f918890abc [     info]  detected group definition file /plugins/etc/Geo/Geo.xml
Sep 17 11:35:38 +0000 OX-plugins-5b9f918890abc [     info]  Executing _checkOpenXCompatibility for Client
Sep 17 11:35:38 +0000 OX-plugins-5b9f918890abc [     info]  Executing _checkSystemEnvironment for Client
Sep 17 11:35:38 +0000 OX-plugins-5b9f918890abc [     info]  Executing _checkDatabaseEnvironment for Client
Sep 17 11:35:38 +0000 OX-plugins-5b9f918890abc [     info]  Executing _runScript for Client
Sep 17 11:35:38 +0000 OX-plugins-5b9f918890abc [     info]  Executing _checkDependenciesForInstallOrEnable for Client
Sep 17 11:35:38 +0000 OX-plugins-5b9f918890abc [     info]  Executing _checkFiles for Client
Sep 17 11:35:38 +0000 OX-plugins-5b9f918890abc [     info]  Executing _checkNavigationCheckers for Client
Sep 17 11:35:38 +0000 OX-plugins-5b9f918890abc [     info]  Executing _checkMenus for Client
Sep 17 11:35:38 +0000 OX-plugins-5b9f918890abc [     info]  Executing _registerSchema for Client
Sep 17 11:35:38 +0000 OX-plugins-5b9f918890abc [     info]  Executing _registerPreferences for Client
Sep 17 11:35:38 +0000 OX-plugins-5b9f918890abc [     info]  Executing _registerSettings for Client
Sep 17 11:35:38 +0000 OX-plugins-5b9f918890abc [     info]  Executing disableComponentGroup for Client
Sep 17 11:35:38 +0000 OX-plugins-5b9f918890abc [     info]  Executing _registerPluginVersion for Client
Sep 17 11:35:38 +0000 OX-plugins-5b9f918890abc [     info]  Executing _runScript for Client
Sep 17 11:35:38 +0000 OX-plugins-5b9f918890abc [     info]  Executing _checkOpenXCompatibility for Geo
Sep 17 11:35:38 +0000 OX-plugins-5b9f918890abc [     info]  Executing _checkSystemEnvironment for Geo
Sep 17 11:35:38 +0000 OX-plugins-5b9f918890abc [     info]  Executing _checkDatabaseEnvironment for Geo
Sep 17 11:35:38 +0000 OX-plugins-5b9f918890abc [     info]  Executing _runScript for Geo
Sep 17 11:35:38 +0000 OX-plugins-5b9f918890abc [     info]  Executing _checkDependenciesForInstallOrEnable for Geo
Sep 17 11:35:38 +0000 OX-plugins-5b9f918890abc [     info]  Executing _checkFiles for Geo
Sep 17 11:35:38 +0000 OX-plugins-5b9f918890abc [     info]  Executing _checkNavigationCheckers for Geo
Sep 17 11:35:38 +0000 OX-plugins-5b9f918890abc [     info]  Executing _checkMenus for Geo
Sep 17 11:35:38 +0000 OX-plugins-5b9f918890abc [     info]  Executing _registerSchema for Geo
Sep 17 11:35:38 +0000 OX-plugins-5b9f918890abc [     info]  Executing _registerPreferences for Geo
Sep 17 11:35:38 +0000 OX-plugins-5b9f918890abc [     info]  Executing _registerSettings for Geo
Sep 17 11:35:38 +0000 OX-plugins-5b9f918890abc [     info]  Executing disableComponentGroup for Geo
Sep 17 11:35:38 +0000 OX-plugins-5b9f918890abc [     info]  Executing _registerPluginVersion for Geo
Sep 17 11:35:38 +0000 OX-plugins-5b9f918890abc [     info]  Executing _runScript for Geo
Sep 17 11:35:38 +0000 OX-plugins-5b9f918890abc [     info]  Executing _checkOpenXCompatibility for Site
Sep 17 11:35:38 +0000 OX-plugins-5b9f918890abc [     info]  Executing _checkSystemEnvironment for Site
Sep 17 11:35:38 +0000 OX-plugins-5b9f918890abc [     info]  Executing _checkDatabaseEnvironment for Site
Sep 17 11:35:38 +0000 OX-plugins-5b9f918890abc [     info]  Executing _runScript for Site
Sep 17 11:35:38 +0000 OX-plugins-5b9f918890abc [     info]  Executing _checkDependenciesForInstallOrEnable for Site
Sep 17 11:35:38 +0000 OX-plugins-5b9f918890abc [     info]  Executing _checkFiles for Site
Sep 17 11:35:38 +0000 OX-plugins-5b9f918890abc [     info]  Executing _checkNavigationCheckers for Site
Sep 17 11:35:38 +0000 OX-plugins-5b9f918890abc [     info]  Executing _checkMenus for Site
Sep 17 11:35:38 +0000 OX-plugins-5b9f918890abc [     info]  Executing _registerSchema for Site
Sep 17 11:35:38 +0000 OX-plugins-5b9f918890abc [     info]  Executing _registerPreferences for Site
Sep 17 11:35:38 +0000 OX-plugins-5b9f918890abc [     info]  Executing _registerSettings for Site
Sep 17 11:35:38 +0000 OX-plugins-5b9f918890abc [     info]  Executing disableComponentGroup for Site
Sep 17 11:35:38 +0000 OX-plugins-5b9f918890abc [     info]  Executing _registerPluginVersion for Site
Sep 17 11:35:38 +0000 OX-plugins-5b9f918890abc [     info]  Executing _runScript for Site
Sep 17 11:35:38 +0000 OX-plugins-5b9f918890abc [     info]  Executing _checkOpenXCompatibility for Time
Sep 17 11:35:38 +0000 OX-plugins-5b9f918890abc [     info]  Executing _checkSystemEnvironment for Time
Sep 17 11:35:38 +0000 OX-plugins-5b9f918890abc [     info]  Executing _checkDatabaseEnvironment for Time
Sep 17 11:35:38 +0000 OX-plugins-5b9f918890abc [     info]  Executing _runScript for Time
Sep 17 11:35:38 +0000 OX-plugins-5b9f918890abc [     info]  Executing _checkDependenciesForInstallOrEnable for Time
Sep 17 11:35:38 +0000 OX-plugins-5b9f918890abc [     info]  Executing _checkFiles for Time
Sep 17 11:35:38 +0000 OX-plugins-5b9f918890abc [     info]  Executing _checkNavigationCheckers for Time
Sep 17 11:35:38 +0000 OX-plugins-5b9f918890abc [     info]  Executing _checkMenus for Time
Sep 17 11:35:38 +0000 OX-plugins-5b9f918890abc [     info]  Executing _registerSchema for Time
Sep 17 11:35:38 +0000 OX-plugins-5b9f918890abc [     info]  Executing _registerPreferences for Time
Sep 17 11:35:38 +0000 OX-plugins-5b9f918890abc [     info]  Executing _registerSettings for Time
Sep 17 11:35:38 +0000 OX-plugins-5b9f918890abc [     info]  Executing disableComponentGroup for Time
Sep 17 11:35:38 +0000 OX-plugins-5b9f918890abc [     info]  Executing _registerPluginVersion for Time
Sep 17 11:35:38 +0000 OX-plugins-5b9f918890abc [     info]  Executing _runScript for Time
Sep 17 11:35:38 +0000 OX-5b9f918890abc [  warning]  count(): Parameter must be an array or an object that implements Countable
Sep 17 11:35:42 +0000 OX-plugins-5b9f918d7ac7a [     info]  starting _checkPackageContents openX3rdPartyServers.xml
Sep 17 11:35:42 +0000 OX-plugins-5b9f918d7ac7a [     info]  expecting definition openX3rdPartyServers.xml
Sep 17 11:35:42 +0000 OX-plugins-5b9f918d7ac7a [     info]  detected plugin definition file /plugins/etc/openX3rdPartyServers.xml
Sep 17 11:35:42 +0000 OX-plugins-5b9f918d7ac7a [     info]  detected group definition file /plugins/etc/ox3rdPartyServers/ox3rdPartyServers.xml
Sep 17 11:35:42 +0000 OX-plugins-5b9f918d7ac7a [     info]  Executing _checkOpenXCompatibility for ox3rdPartyServers
Sep 17 11:35:42 +0000 OX-plugins-5b9f918d7ac7a [     info]  Executing _checkSystemEnvironment for ox3rdPartyServers
Sep 17 11:35:42 +0000 OX-plugins-5b9f918d7ac7a [     info]  Executing _checkDatabaseEnvironment for ox3rdPartyServers
Sep 17 11:35:42 +0000 OX-plugins-5b9f918d7ac7a [     info]  Executing _runScript for ox3rdPartyServers
Sep 17 11:35:42 +0000 OX-plugins-5b9f918d7ac7a [     info]  Executing _checkDependenciesForInstallOrEnable for ox3rdPartyServers
Sep 17 11:35:42 +0000 OX-plugins-5b9f918d7ac7a [     info]  Executing _checkFiles for ox3rdPartyServers
Sep 17 11:35:42 +0000 OX-plugins-5b9f918d7ac7a [     info]  Executing _checkNavigationCheckers for ox3rdPartyServers
Sep 17 11:35:42 +0000 OX-plugins-5b9f918d7ac7a [     info]  Executing _checkMenus for ox3rdPartyServers
Sep 17 11:35:42 +0000 OX-plugins-5b9f918d7ac7a [     info]  Executing _registerSchema for ox3rdPartyServers
Sep 17 11:35:42 +0000 OX-plugins-5b9f918d7ac7a [     info]  Executing _registerPreferences for ox3rdPartyServers
Sep 17 11:35:42 +0000 OX-plugins-5b9f918d7ac7a [     info]  Executing _registerSettings for ox3rdPartyServers
Sep 17 11:35:42 +0000 OX-plugins-5b9f918d7ac7a [     info]  Executing disableComponentGroup for ox3rdPartyServers
Sep 17 11:35:42 +0000 OX-plugins-5b9f918d7ac7a [     info]  Executing _registerPluginVersion for ox3rdPartyServers
Sep 17 11:35:42 +0000 OX-plugins-5b9f918d7ac7a [     info]  Executing _runScript for ox3rdPartyServers
Sep 17 11:35:42 +0000 OX-5b9f918d7ac7a [  warning]  count(): Parameter must be an array or an object that implements Countable
Sep 17 11:35:45 +0000 OX-plugins-5b9f919113416 [     info]  starting _checkPackageContents openXReports.xml
Sep 17 11:35:45 +0000 OX-plugins-5b9f919113416 [     info]  expecting definition openXReports.xml
Sep 17 11:35:45 +0000 OX-plugins-5b9f919113416 [     info]  detected group definition file /plugins/etc/oxReportsAdmin/oxReportsAdmin.xml
Sep 17 11:35:45 +0000 OX-plugins-5b9f919113416 [     info]  detected plugin definition file /plugins/etc/openXReports.xml
Sep 17 11:35:45 +0000 OX-plugins-5b9f919113416 [     info]  detected group definition file /plugins/etc/oxReportsStandard/oxReportsStandard.xml
Sep 17 11:35:46 +0000 OX-plugins-5b9f919113416 [     info]  Executing _checkOpenXCompatibility for oxReportsStandard
Sep 17 11:35:46 +0000 OX-plugins-5b9f919113416 [     info]  Executing _checkSystemEnvironment for oxReportsStandard
Sep 17 11:35:46 +0000 OX-plugins-5b9f919113416 [     info]  Executing _checkDatabaseEnvironment for oxReportsStandard
Sep 17 11:35:46 +0000 OX-plugins-5b9f919113416 [     info]  Executing _runScript for oxReportsStandard
Sep 17 11:35:46 +0000 OX-plugins-5b9f919113416 [     info]  Executing _checkDependenciesForInstallOrEnable for oxReportsStandard
Sep 17 11:35:46 +0000 OX-plugins-5b9f919113416 [     info]  Executing _checkFiles for oxReportsStandard
Sep 17 11:35:46 +0000 OX-plugins-5b9f919113416 [     info]  Executing _checkNavigationCheckers for oxReportsStandard
Sep 17 11:35:46 +0000 OX-plugins-5b9f919113416 [     info]  Executing _checkMenus for oxReportsStandard
Sep 17 11:35:46 +0000 OX-plugins-5b9f919113416 [     info]  Executing _registerSchema for oxReportsStandard
Sep 17 11:35:46 +0000 OX-plugins-5b9f919113416 [     info]  Executing _registerPreferences for oxReportsStandard
Sep 17 11:35:46 +0000 OX-plugins-5b9f919113416 [     info]  Executing _registerSettings for oxReportsStandard
Sep 17 11:35:46 +0000 OX-plugins-5b9f919113416 [     info]  Executing disableComponentGroup for oxReportsStandard
Sep 17 11:35:46 +0000 OX-plugins-5b9f919113416 [     info]  Executing _registerPluginVersion for oxReportsStandard
Sep 17 11:35:46 +0000 OX-plugins-5b9f919113416 [     info]  Executing _runScript for oxReportsStandard
Sep 17 11:35:46 +0000 OX-plugins-5b9f919113416 [     info]  Executing _checkOpenXCompatibility for oxReportsAdmin
Sep 17 11:35:46 +0000 OX-plugins-5b9f919113416 [     info]  Executing _checkSystemEnvironment for oxReportsAdmin
Sep 17 11:35:46 +0000 OX-plugins-5b9f919113416 [     info]  Executing _checkDatabaseEnvironment for oxReportsAdmin
Sep 17 11:35:46 +0000 OX-plugins-5b9f919113416 [     info]  Executing _runScript for oxReportsAdmin
Sep 17 11:35:46 +0000 OX-plugins-5b9f919113416 [     info]  Executing _checkDependenciesForInstallOrEnable for oxReportsAdmin
Sep 17 11:35:46 +0000 OX-plugins-5b9f919113416 [     info]  Executing _checkFiles for oxReportsAdmin
Sep 17 11:35:46 +0000 OX-plugins-5b9f919113416 [     info]  Executing _checkNavigationCheckers for oxReportsAdmin
Sep 17 11:35:46 +0000 OX-plugins-5b9f919113416 [     info]  Executing _checkMenus for oxReportsAdmin
Sep 17 11:35:46 +0000 OX-plugins-5b9f919113416 [     info]  Executing _registerSchema for oxReportsAdmin
Sep 17 11:35:46 +0000 OX-plugins-5b9f919113416 [     info]  Executing _registerPreferences for oxReportsAdmin
Sep 17 11:35:46 +0000 OX-plugins-5b9f919113416 [     info]  Executing _registerSettings for oxReportsAdmin
Sep 17 11:35:46 +0000 OX-plugins-5b9f919113416 [     info]  Executing disableComponentGroup for oxReportsAdmin
Sep 17 11:35:46 +0000 OX-plugins-5b9f919113416 [     info]  Executing _registerPluginVersion for oxReportsAdmin
Sep 17 11:35:46 +0000 OX-plugins-5b9f919113416 [     info]  Executing _runScript for oxReportsAdmin
Sep 17 11:35:46 +0000 OX-5b9f919113416 [  warning]  count(): Parameter must be an array or an object that implements Countable
Sep 17 11:35:49 +0000 OX-plugins-5b9f91950a46c [     info]  starting _checkPackageContents openXDeliveryCacheStore.xml
Sep 17 11:35:49 +0000 OX-plugins-5b9f91950a46c [     info]  expecting definition openXDeliveryCacheStore.xml
Sep 17 11:35:49 +0000 OX-plugins-5b9f91950a46c [     info]  detected group definition file /plugins/etc/oxMemcached/oxMemcached.xml
Sep 17 11:35:49 +0000 OX-plugins-5b9f91950a46c [     info]  detected plugin definition file /plugins/etc/openXDeliveryCacheStore.xml
Sep 17 11:35:49 +0000 OX-plugins-5b9f91950a46c [     info]  detected group definition file /plugins/etc/oxCacheFile/oxCacheFile.xml
Sep 17 11:35:49 +0000 OX-plugins-5b9f91950a46c [     info]  Executing _checkOpenXCompatibility for oxCacheFile
Sep 17 11:35:49 +0000 OX-plugins-5b9f91950a46c [     info]  Executing _checkSystemEnvironment for oxCacheFile
Sep 17 11:35:49 +0000 OX-plugins-5b9f91950a46c [     info]  Executing _checkDatabaseEnvironment for oxCacheFile
Sep 17 11:35:49 +0000 OX-plugins-5b9f91950a46c [     info]  Executing _runScript for oxCacheFile
Sep 17 11:35:49 +0000 OX-plugins-5b9f91950a46c [     info]  Executing _checkDependenciesForInstallOrEnable for oxCacheFile
Sep 17 11:35:49 +0000 OX-plugins-5b9f91950a46c [     info]  Executing _checkFiles for oxCacheFile
Sep 17 11:35:49 +0000 OX-plugins-5b9f91950a46c [     info]  Executing _checkNavigationCheckers for oxCacheFile
Sep 17 11:35:49 +0000 OX-plugins-5b9f91950a46c [     info]  Executing _checkMenus for oxCacheFile
Sep 17 11:35:49 +0000 OX-plugins-5b9f91950a46c [     info]  Executing _registerSchema for oxCacheFile
Sep 17 11:35:49 +0000 OX-plugins-5b9f91950a46c [     info]  Executing _registerPreferences for oxCacheFile
Sep 17 11:35:49 +0000 OX-plugins-5b9f91950a46c [     info]  Executing _registerSettings for oxCacheFile
Sep 17 11:35:49 +0000 OX-plugins-5b9f91950a46c [     info]  Executing disableComponentGroup for oxCacheFile
Sep 17 11:35:49 +0000 OX-plugins-5b9f91950a46c [     info]  Executing _registerPluginVersion for oxCacheFile
Sep 17 11:35:49 +0000 OX-plugins-5b9f91950a46c [     info]  Executing _runScript for oxCacheFile
Sep 17 11:35:49 +0000 OX-plugins-5b9f91950a46c [     info]  Executing _checkOpenXCompatibility for oxMemcached
Sep 17 11:35:49 +0000 OX-plugins-5b9f91950a46c [     info]  Executing _checkSystemEnvironment for oxMemcached
Sep 17 11:35:49 +0000 OX-plugins-5b9f91950a46c [     info]  Executing _checkDatabaseEnvironment for oxMemcached
Sep 17 11:35:49 +0000 OX-plugins-5b9f91950a46c [     info]  Executing _runScript for oxMemcached
Sep 17 11:35:49 +0000 OX-plugins-5b9f91950a46c [     info]  Executing _checkDependenciesForInstallOrEnable for oxMemcached
Sep 17 11:35:49 +0000 OX-plugins-5b9f91950a46c [     info]  Executing _checkFiles for oxMemcached
Sep 17 11:35:49 +0000 OX-plugins-5b9f91950a46c [     info]  Executing _checkNavigationCheckers for oxMemcached
Sep 17 11:35:49 +0000 OX-plugins-5b9f91950a46c [     info]  Executing _checkMenus for oxMemcached
Sep 17 11:35:49 +0000 OX-plugins-5b9f91950a46c [     info]  Executing _registerSchema for oxMemcached
Sep 17 11:35:49 +0000 OX-plugins-5b9f91950a46c [     info]  Executing _registerPreferences for oxMemcached
Sep 17 11:35:49 +0000 OX-plugins-5b9f91950a46c [     info]  Executing _registerSettings for oxMemcached
Sep 17 11:35:49 +0000 OX-plugins-5b9f91950a46c [     info]  Executing disableComponentGroup for oxMemcached
Sep 17 11:35:50 +0000 OX-plugins-5b9f91950a46c [     info]  Executing _registerPluginVersion for oxMemcached
Sep 17 11:35:50 +0000 OX-plugins-5b9f91950a46c [     info]  Executing _runScript for oxMemcached
Sep 17 11:35:50 +0000 OX-5b9f91950a46c [  warning]  count(): Parameter must be an array or an object that implements Countable
Sep 17 11:35:53 +0000 OX-plugins-5b9f9198bb3ab [     info]  starting _checkPackageContents openXMaxMindGeoIP.xml
Sep 17 11:35:53 +0000 OX-plugins-5b9f9198bb3ab [     info]  expecting definition openXMaxMindGeoIP.xml
Sep 17 11:35:53 +0000 OX-plugins-5b9f9198bb3ab [     info]  detected plugin definition file /plugins/etc/openXMaxMindGeoIP.xml
Sep 17 11:35:53 +0000 OX-plugins-5b9f9198bb3ab [     info]  detected group definition file /plugins/etc/oxMaxMindGeoIP/oxMaxMindGeoIP.xml
Sep 17 11:35:53 +0000 OX-plugins-5b9f9198bb3ab [     info]  Executing _checkOpenXCompatibility for oxMaxMindGeoIP
Sep 17 11:35:53 +0000 OX-plugins-5b9f9198bb3ab [     info]  Executing _checkSystemEnvironment for oxMaxMindGeoIP
Sep 17 11:35:53 +0000 OX-plugins-5b9f9198bb3ab [     info]  Executing _checkDatabaseEnvironment for oxMaxMindGeoIP
Sep 17 11:35:53 +0000 OX-plugins-5b9f9198bb3ab [     info]  Executing _runScript for oxMaxMindGeoIP
Sep 17 11:35:53 +0000 OX-plugins-5b9f9198bb3ab [     info]  Executing _checkDependenciesForInstallOrEnable for oxMaxMindGeoIP
Sep 17 11:35:53 +0000 OX-plugins-5b9f9198bb3ab [     info]  Executing _checkFiles for oxMaxMindGeoIP
Sep 17 11:35:53 +0000 OX-plugins-5b9f9198bb3ab [     info]  Executing _checkNavigationCheckers for oxMaxMindGeoIP
Sep 17 11:35:53 +0000 OX-plugins-5b9f9198bb3ab [     info]  Executing _checkMenus for oxMaxMindGeoIP
Sep 17 11:35:53 +0000 OX-plugins-5b9f9198bb3ab [     info]  Executing _registerSchema for oxMaxMindGeoIP
Sep 17 11:35:53 +0000 OX-plugins-5b9f9198bb3ab [     info]  Executing _registerPreferences for oxMaxMindGeoIP
Sep 17 11:35:53 +0000 OX-plugins-5b9f9198bb3ab [     info]  Executing _registerSettings for oxMaxMindGeoIP
Sep 17 11:35:53 +0000 OX-plugins-5b9f9198bb3ab [     info]  Executing disableComponentGroup for oxMaxMindGeoIP
Sep 17 11:35:53 +0000 OX-plugins-5b9f9198bb3ab [     info]  Executing _registerPluginVersion for oxMaxMindGeoIP
Sep 17 11:35:53 +0000 OX-plugins-5b9f9198bb3ab [     info]  Executing _runScript for oxMaxMindGeoIP
Sep 17 11:35:53 +0000 OX-5b9f9198bb3ab [  warning]  count(): Parameter must be an array or an object that implements Countable
Sep 17 11:35:56 +0000 OX-plugins-5b9f919c3dacb [     info]  starting _checkPackageContents openXInvocationTags.xml
Sep 17 11:35:56 +0000 OX-plugins-5b9f919c3dacb [     info]  expecting definition openXInvocationTags.xml
Sep 17 11:35:56 +0000 OX-plugins-5b9f919c3dacb [     info]  detected group definition file /plugins/etc/oxInvocationTags/oxInvocationTags.xml
Sep 17 11:35:56 +0000 OX-plugins-5b9f919c3dacb [     info]  detected plugin definition file /plugins/etc/openXInvocationTags.xml
Sep 17 11:35:57 +0000 OX-plugins-5b9f919c3dacb [     info]  Executing _checkOpenXCompatibility for oxInvocationTags
Sep 17 11:35:57 +0000 OX-plugins-5b9f919c3dacb [     info]  Executing _checkSystemEnvironment for oxInvocationTags
Sep 17 11:35:57 +0000 OX-plugins-5b9f919c3dacb [     info]  Executing _checkDatabaseEnvironment for oxInvocationTags
Sep 17 11:35:57 +0000 OX-plugins-5b9f919c3dacb [     info]  Executing _runScript for oxInvocationTags
Sep 17 11:35:57 +0000 OX-plugins-5b9f919c3dacb [     info]  Executing _checkDependenciesForInstallOrEnable for oxInvocationTags
Sep 17 11:35:57 +0000 OX-plugins-5b9f919c3dacb [     info]  Executing _checkFiles for oxInvocationTags
Sep 17 11:35:57 +0000 OX-plugins-5b9f919c3dacb [     info]  Executing _checkNavigationCheckers for oxInvocationTags
Sep 17 11:35:57 +0000 OX-plugins-5b9f919c3dacb [     info]  Executing _checkMenus for oxInvocationTags
Sep 17 11:35:57 +0000 OX-plugins-5b9f919c3dacb [     info]  Executing _registerSchema for oxInvocationTags
Sep 17 11:35:57 +0000 OX-plugins-5b9f919c3dacb [     info]  Executing _registerPreferences for oxInvocationTags
Sep 17 11:35:57 +0000 OX-plugins-5b9f919c3dacb [     info]  Executing _registerSettings for oxInvocationTags
Sep 17 11:35:57 +0000 OX-plugins-5b9f919c3dacb [     info]  Executing disableComponentGroup for oxInvocationTags
Sep 17 11:35:57 +0000 OX-plugins-5b9f919c3dacb [     info]  Executing _registerPluginVersion for oxInvocationTags
Sep 17 11:35:57 +0000 OX-plugins-5b9f919c3dacb [     info]  Executing _runScript for oxInvocationTags
Sep 17 11:35:58 +0000 OX-5b9f919c3dacb [  warning]  count(): Parameter must be an array or an object that implements Countable
Sep 17 11:36:01 +0000 OX-plugins-5b9f91a0c87d9 [     info]  starting _checkPackageContents openXDeliveryLog.xml
Sep 17 11:36:01 +0000 OX-plugins-5b9f91a0c87d9 [     info]  expecting definition openXDeliveryLog.xml
Sep 17 11:36:01 +0000 OX-plugins-5b9f91a0c87d9 [     info]  detected plugin definition file /plugins/etc/openXDeliveryLog.xml
Sep 17 11:36:01 +0000 OX-plugins-5b9f91a0c87d9 [     info]  detected group definition file /plugins/etc/oxLogRequest/oxLogRequest.xml
Sep 17 11:36:01 +0000 OX-plugins-5b9f91a0c87d9 [     info]  detected group definition file /plugins/etc/oxLogConversion/oxLogConversion.xml
Sep 17 11:36:01 +0000 OX-plugins-5b9f91a0c87d9 [     info]  detected group definition file /plugins/etc/oxLogImpression/oxLogImpression.xml
Sep 17 11:36:01 +0000 OX-plugins-5b9f91a0c87d9 [     info]  detected group definition file /plugins/etc/oxLogClick/oxLogClick.xml
Sep 17 11:36:01 +0000 OX-plugins-5b9f91a0c87d9 [     info]  detected group definition file /plugins/etc/oxDeliveryDataPrepare/oxDeliveryDataPrepare.xml
Sep 17 11:36:01 +0000 OX-plugins-5b9f91a0c87d9 [     info]  Executing _checkOpenXCompatibility for oxDeliveryDataPrepare
Sep 17 11:36:01 +0000 OX-plugins-5b9f91a0c87d9 [     info]  Executing _checkSystemEnvironment for oxDeliveryDataPrepare
Sep 17 11:36:01 +0000 OX-plugins-5b9f91a0c87d9 [     info]  Executing _checkDatabaseEnvironment for oxDeliveryDataPrepare
Sep 17 11:36:01 +0000 OX-plugins-5b9f91a0c87d9 [     info]  Executing _runScript for oxDeliveryDataPrepare
Sep 17 11:36:01 +0000 OX-plugins-5b9f91a0c87d9 [     info]  Executing _checkDependenciesForInstallOrEnable for oxDeliveryDataPrepare
Sep 17 11:36:01 +0000 OX-plugins-5b9f91a0c87d9 [     info]  Executing _checkFiles for oxDeliveryDataPrepare
Sep 17 11:36:01 +0000 OX-plugins-5b9f91a0c87d9 [     info]  Executing _checkNavigationCheckers for oxDeliveryDataPrepare
Sep 17 11:36:01 +0000 OX-plugins-5b9f91a0c87d9 [     info]  Executing _checkMenus for oxDeliveryDataPrepare
Sep 17 11:36:01 +0000 OX-plugins-5b9f91a0c87d9 [     info]  Executing _registerSchema for oxDeliveryDataPrepare
Sep 17 11:36:02 +0000 OX-plugins-5b9f91a0c87d9 [     info]  Executing _registerPreferences for oxDeliveryDataPrepare
Sep 17 11:36:02 +0000 OX-plugins-5b9f91a0c87d9 [     info]  Executing _registerSettings for oxDeliveryDataPrepare
Sep 17 11:36:02 +0000 OX-plugins-5b9f91a0c87d9 [     info]  Executing disableComponentGroup for oxDeliveryDataPrepare
Sep 17 11:36:02 +0000 OX-plugins-5b9f91a0c87d9 [     info]  Executing _registerPluginVersion for oxDeliveryDataPrepare
Sep 17 11:36:02 +0000 OX-plugins-5b9f91a0c87d9 [     info]  Executing _runScript for oxDeliveryDataPrepare
Sep 17 11:36:02 +0000 OX-plugins-5b9f91a0c87d9 [     info]  Executing _checkOpenXCompatibility for oxLogClick
Sep 17 11:36:02 +0000 OX-plugins-5b9f91a0c87d9 [     info]  Executing _checkSystemEnvironment for oxLogClick
Sep 17 11:36:02 +0000 OX-plugins-5b9f91a0c87d9 [     info]  Executing _checkDatabaseEnvironment for oxLogClick
Sep 17 11:36:02 +0000 OX-plugins-5b9f91a0c87d9 [     info]  Executing _runScript for oxLogClick
Sep 17 11:36:02 +0000 OX-plugins-5b9f91a0c87d9 [     info]  Executing _checkDependenciesForInstallOrEnable for oxLogClick
Sep 17 11:36:02 +0000 OX-plugins-5b9f91a0c87d9 [     info]  Executing _checkFiles for oxLogClick
Sep 17 11:36:02 +0000 OX-plugins-5b9f91a0c87d9 [     info]  Executing _checkNavigationCheckers for oxLogClick
Sep 17 11:36:02 +0000 OX-plugins-5b9f91a0c87d9 [     info]  Executing _checkMenus for oxLogClick
Sep 17 11:36:02 +0000 OX-plugins-5b9f91a0c87d9 [     info]  Executing _registerSchema for oxLogClick
Sep 17 11:36:02 +0000 OX-plugins-5b9f91a0c87d9 [     info]  Executing _registerPreferences for oxLogClick
Sep 17 11:36:02 +0000 OX-plugins-5b9f91a0c87d9 [     info]  Executing _registerSettings for oxLogClick
Sep 17 11:36:02 +0000 OX-plugins-5b9f91a0c87d9 [     info]  Executing disableComponentGroup for oxLogClick
Sep 17 11:36:02 +0000 OX-plugins-5b9f91a0c87d9 [     info]  Executing _registerPluginVersion for oxLogClick
Sep 17 11:36:02 +0000 OX-plugins-5b9f91a0c87d9 [     info]  Executing _runScript for oxLogClick
Sep 17 11:36:02 +0000 OX-plugins-5b9f91a0c87d9 [     info]  Executing _checkOpenXCompatibility for oxLogConversion
Sep 17 11:36:02 +0000 OX-plugins-5b9f91a0c87d9 [     info]  Executing _checkSystemEnvironment for oxLogConversion
Sep 17 11:36:02 +0000 OX-plugins-5b9f91a0c87d9 [     info]  Executing _checkDatabaseEnvironment for oxLogConversion
Sep 17 11:36:02 +0000 OX-plugins-5b9f91a0c87d9 [     info]  Executing _runScript for oxLogConversion
Sep 17 11:36:02 +0000 OX-plugins-5b9f91a0c87d9 [     info]  Executing _checkDependenciesForInstallOrEnable for oxLogConversion
Sep 17 11:36:02 +0000 OX-plugins-5b9f91a0c87d9 [     info]  Executing _checkFiles for oxLogConversion
Sep 17 11:36:02 +0000 OX-plugins-5b9f91a0c87d9 [     info]  Executing _checkNavigationCheckers for oxLogConversion
Sep 17 11:36:02 +0000 OX-plugins-5b9f91a0c87d9 [     info]  Executing _checkMenus for oxLogConversion
Sep 17 11:36:02 +0000 OX-plugins-5b9f91a0c87d9 [     info]  Executing _registerSchema for oxLogConversion
Sep 17 11:36:02 +0000 OX-plugins-5b9f91a0c87d9 [     info]  Executing _registerPreferences for oxLogConversion
Sep 17 11:36:02 +0000 OX-plugins-5b9f91a0c87d9 [     info]  Executing _registerSettings for oxLogConversion
Sep 17 11:36:02 +0000 OX-plugins-5b9f91a0c87d9 [     info]  Executing disableComponentGroup for oxLogConversion
Sep 17 11:36:02 +0000 OX-plugins-5b9f91a0c87d9 [     info]  Executing _registerPluginVersion for oxLogConversion
Sep 17 11:36:02 +0000 OX-plugins-5b9f91a0c87d9 [     info]  Executing _runScript for oxLogConversion
Sep 17 11:36:02 +0000 OX-plugins-5b9f91a0c87d9 [     info]  Executing _checkOpenXCompatibility for oxLogImpression
Sep 17 11:36:02 +0000 OX-plugins-5b9f91a0c87d9 [     info]  Executing _checkSystemEnvironment for oxLogImpression
Sep 17 11:36:02 +0000 OX-plugins-5b9f91a0c87d9 [     info]  Executing _checkDatabaseEnvironment for oxLogImpression
Sep 17 11:36:02 +0000 OX-plugins-5b9f91a0c87d9 [     info]  Executing _runScript for oxLogImpression
Sep 17 11:36:02 +0000 OX-plugins-5b9f91a0c87d9 [     info]  Executing _checkDependenciesForInstallOrEnable for oxLogImpression
Sep 17 11:36:02 +0000 OX-plugins-5b9f91a0c87d9 [     info]  Executing _checkFiles for oxLogImpression
Sep 17 11:36:02 +0000 OX-plugins-5b9f91a0c87d9 [     info]  Executing _checkNavigationCheckers for oxLogImpression
Sep 17 11:36:02 +0000 OX-plugins-5b9f91a0c87d9 [     info]  Executing _checkMenus for oxLogImpression
Sep 17 11:36:02 +0000 OX-plugins-5b9f91a0c87d9 [     info]  Executing _registerSchema for oxLogImpression
Sep 17 11:36:02 +0000 OX-plugins-5b9f91a0c87d9 [     info]  Executing _registerPreferences for oxLogImpression
Sep 17 11:36:02 +0000 OX-plugins-5b9f91a0c87d9 [     info]  Executing _registerSettings for oxLogImpression
Sep 17 11:36:02 +0000 OX-plugins-5b9f91a0c87d9 [     info]  Executing disableComponentGroup for oxLogImpression
Sep 17 11:36:02 +0000 OX-plugins-5b9f91a0c87d9 [     info]  Executing _registerPluginVersion for oxLogImpression
Sep 17 11:36:02 +0000 OX-plugins-5b9f91a0c87d9 [     info]  Executing _runScript for oxLogImpression
Sep 17 11:36:02 +0000 OX-plugins-5b9f91a0c87d9 [     info]  Executing _checkOpenXCompatibility for oxLogRequest
Sep 17 11:36:02 +0000 OX-plugins-5b9f91a0c87d9 [     info]  Executing _checkSystemEnvironment for oxLogRequest
Sep 17 11:36:02 +0000 OX-plugins-5b9f91a0c87d9 [     info]  Executing _checkDatabaseEnvironment for oxLogRequest
Sep 17 11:36:02 +0000 OX-plugins-5b9f91a0c87d9 [     info]  Executing _runScript for oxLogRequest
Sep 17 11:36:02 +0000 OX-plugins-5b9f91a0c87d9 [     info]  Executing _checkDependenciesForInstallOrEnable for oxLogRequest
Sep 17 11:36:02 +0000 OX-plugins-5b9f91a0c87d9 [     info]  Executing _checkFiles for oxLogRequest
Sep 17 11:36:02 +0000 OX-plugins-5b9f91a0c87d9 [     info]  Executing _checkNavigationCheckers for oxLogRequest
Sep 17 11:36:02 +0000 OX-plugins-5b9f91a0c87d9 [     info]  Executing _checkMenus for oxLogRequest
Sep 17 11:36:02 +0000 OX-plugins-5b9f91a0c87d9 [     info]  Executing _registerSchema for oxLogRequest
Sep 17 11:36:02 +0000 OX-plugins-5b9f91a0c87d9 [     info]  Executing _registerPreferences for oxLogRequest
Sep 17 11:36:02 +0000 OX-plugins-5b9f91a0c87d9 [     info]  Executing _registerSettings for oxLogRequest
Sep 17 11:36:02 +0000 OX-plugins-5b9f91a0c87d9 [     info]  Executing disableComponentGroup for oxLogRequest
Sep 17 11:36:02 +0000 OX-plugins-5b9f91a0c87d9 [     info]  Executing _registerPluginVersion for oxLogRequest
Sep 17 11:36:02 +0000 OX-plugins-5b9f91a0c87d9 [     info]  Executing _runScript for oxLogRequest
Sep 17 11:36:03 +0000 OX-5b9f91a0c87d9 [  warning]  count(): Parameter must be an array or an object that implements Countable
Sep 17 11:36:06 +0000 OX-plugins-5b9f91a630f0f [     info]  starting _checkPackageContents openXVideoAds.xml
Sep 17 11:36:06 +0000 OX-plugins-5b9f91a630f0f [     info]  expecting definition openXVideoAds.xml
Sep 17 11:36:06 +0000 OX-plugins-5b9f91a630f0f [     info]  detected group definition file /plugins/etc/videoReport/videoReport.xml
Sep 17 11:36:06 +0000 OX-plugins-5b9f91a630f0f [     info]  detected group definition file /plugins/etc/oxLogVast/oxLogVast.xml
Sep 17 11:36:06 +0000 OX-plugins-5b9f91a630f0f [     info]  detected plugin definition file /plugins/etc/openXVideoAds.xml
Sep 17 11:36:06 +0000 OX-plugins-5b9f91a630f0f [     info]  detected group definition file /plugins/etc/vastInlineBannerTypeHtml/vastInlineBannerTypeHtml.xml
Sep 17 11:36:06 +0000 OX-plugins-5b9f91a630f0f [     info]  detected group definition file /plugins/etc/vastServeVideoPlayer/vastServeVideoPlayer.xml
Sep 17 11:36:06 +0000 OX-plugins-5b9f91a630f0f [     info]  detected group definition file /plugins/etc/vastOverlayBannerTypeHtml/vastOverlayBannerTypeHtml.xml
Sep 17 11:36:07 +0000 OX-plugins-5b9f91a630f0f [     info]  Executing _checkOpenXCompatibility for vastInlineBannerTypeHtml
Sep 17 11:36:07 +0000 OX-plugins-5b9f91a630f0f [     info]  Executing _checkSystemEnvironment for vastInlineBannerTypeHtml
Sep 17 11:36:07 +0000 OX-plugins-5b9f91a630f0f [     info]  Executing _checkDatabaseEnvironment for vastInlineBannerTypeHtml
Sep 17 11:36:07 +0000 OX-plugins-5b9f91a630f0f [     info]  Executing _runScript for vastInlineBannerTypeHtml
Sep 17 11:36:07 +0000 OX-plugins-5b9f91a630f0f [     info]  Executing _checkDependenciesForInstallOrEnable for vastInlineBannerTypeHtml
Sep 17 11:36:07 +0000 OX-plugins-5b9f91a630f0f [     info]  Executing _checkFiles for vastInlineBannerTypeHtml
Sep 17 11:36:07 +0000 OX-plugins-5b9f91a630f0f [     info]  Executing _checkNavigationCheckers for vastInlineBannerTypeHtml
Sep 17 11:36:07 +0000 OX-plugins-5b9f91a630f0f [     info]  Executing _checkMenus for vastInlineBannerTypeHtml
Sep 17 11:36:07 +0000 OX-plugins-5b9f91a630f0f [     info]  Executing _registerSchema for vastInlineBannerTypeHtml
Sep 17 11:36:08 +0000 OX-plugins-5b9f91a630f0f [     info]  Executing _registerPreferences for vastInlineBannerTypeHtml
Sep 17 11:36:08 +0000 OX-plugins-5b9f91a630f0f [     info]  Executing _registerSettings for vastInlineBannerTypeHtml
Sep 17 11:36:08 +0000 OX-plugins-5b9f91a630f0f [     info]  Executing disableComponentGroup for vastInlineBannerTypeHtml
Sep 17 11:36:08 +0000 OX-plugins-5b9f91a630f0f [     info]  Executing _registerPluginVersion for vastInlineBannerTypeHtml
Sep 17 11:36:08 +0000 OX-plugins-5b9f91a630f0f [     info]  Executing _runScript for vastInlineBannerTypeHtml
Sep 17 11:36:08 +0000 OX-plugins-5b9f91a630f0f [     info]  Executing _checkOpenXCompatibility for vastOverlayBannerTypeHtml
Sep 17 11:36:08 +0000 OX-plugins-5b9f91a630f0f [     info]  Executing _checkSystemEnvironment for vastOverlayBannerTypeHtml
Sep 17 11:36:08 +0000 OX-plugins-5b9f91a630f0f [     info]  Executing _checkDatabaseEnvironment for vastOverlayBannerTypeHtml
Sep 17 11:36:08 +0000 OX-plugins-5b9f91a630f0f [     info]  Executing _runScript for vastOverlayBannerTypeHtml
Sep 17 11:36:08 +0000 OX-plugins-5b9f91a630f0f [     info]  Executing _checkDependenciesForInstallOrEnable for vastOverlayBannerTypeHtml
Sep 17 11:36:08 +0000 OX-plugins-5b9f91a630f0f [     info]  Executing _checkFiles for vastOverlayBannerTypeHtml
Sep 17 11:36:08 +0000 OX-plugins-5b9f91a630f0f [     info]  Executing _checkNavigationCheckers for vastOverlayBannerTypeHtml
Sep 17 11:36:08 +0000 OX-plugins-5b9f91a630f0f [     info]  Executing _checkMenus for vastOverlayBannerTypeHtml
Sep 17 11:36:08 +0000 OX-plugins-5b9f91a630f0f [     info]  Executing _registerSchema for vastOverlayBannerTypeHtml
Sep 17 11:36:08 +0000 OX-plugins-5b9f91a630f0f [     info]  Executing _registerPreferences for vastOverlayBannerTypeHtml
Sep 17 11:36:08 +0000 OX-plugins-5b9f91a630f0f [     info]  Executing _registerSettings for vastOverlayBannerTypeHtml
Sep 17 11:36:08 +0000 OX-plugins-5b9f91a630f0f [     info]  Executing disableComponentGroup for vastOverlayBannerTypeHtml
Sep 17 11:36:08 +0000 OX-plugins-5b9f91a630f0f [     info]  Executing _registerPluginVersion for vastOverlayBannerTypeHtml
Sep 17 11:36:08 +0000 OX-plugins-5b9f91a630f0f [     info]  Executing _runScript for vastOverlayBannerTypeHtml
Sep 17 11:36:08 +0000 OX-plugins-5b9f91a630f0f [     info]  Executing _checkOpenXCompatibility for oxLogVast
Sep 17 11:36:08 +0000 OX-plugins-5b9f91a630f0f [     info]  Executing _checkSystemEnvironment for oxLogVast
Sep 17 11:36:08 +0000 OX-plugins-5b9f91a630f0f [     info]  Executing _checkDatabaseEnvironment for oxLogVast
Sep 17 11:36:08 +0000 OX-plugins-5b9f91a630f0f [     info]  Executing _runScript for oxLogVast
Sep 17 11:36:08 +0000 OX-plugins-5b9f91a630f0f [     info]  Executing _checkDependenciesForInstallOrEnable for oxLogVast
Sep 17 11:36:08 +0000 OX-plugins-5b9f91a630f0f [     info]  Executing _checkFiles for oxLogVast
Sep 17 11:36:08 +0000 OX-plugins-5b9f91a630f0f [     info]  Executing _checkNavigationCheckers for oxLogVast
Sep 17 11:36:08 +0000 OX-plugins-5b9f91a630f0f [     info]  Executing _checkMenus for oxLogVast
Sep 17 11:36:08 +0000 OX-plugins-5b9f91a630f0f [     info]  Executing _registerSchema for oxLogVast
Sep 17 11:36:08 +0000 OX-plugins-5b9f91a630f0f [     info]  Executing _registerPreferences for oxLogVast
Sep 17 11:36:08 +0000 OX-plugins-5b9f91a630f0f [     info]  Executing _registerSettings for oxLogVast
Sep 17 11:36:08 +0000 OX-plugins-5b9f91a630f0f [     info]  Executing disableComponentGroup for oxLogVast
Sep 17 11:36:08 +0000 OX-plugins-5b9f91a630f0f [     info]  Executing _registerPluginVersion for oxLogVast
Sep 17 11:36:08 +0000 OX-plugins-5b9f91a630f0f [     info]  Executing _runScript for oxLogVast
Sep 17 11:36:08 +0000 OX-plugins-5b9f91a630f0f [     info]  Executing _checkOpenXCompatibility for vastServeVideoPlayer
Sep 17 11:36:08 +0000 OX-plugins-5b9f91a630f0f [     info]  Executing _checkSystemEnvironment for vastServeVideoPlayer
Sep 17 11:36:08 +0000 OX-plugins-5b9f91a630f0f [     info]  Executing _checkDatabaseEnvironment for vastServeVideoPlayer
Sep 17 11:36:08 +0000 OX-plugins-5b9f91a630f0f [     info]  Executing _runScript for vastServeVideoPlayer
Sep 17 11:36:08 +0000 OX-plugins-5b9f91a630f0f [     info]  Executing _checkDependenciesForInstallOrEnable for vastServeVideoPlayer
Sep 17 11:36:08 +0000 OX-plugins-5b9f91a630f0f [     info]  Executing _checkFiles for vastServeVideoPlayer
Sep 17 11:36:08 +0000 OX-plugins-5b9f91a630f0f [     info]  Executing _checkNavigationCheckers for vastServeVideoPlayer
Sep 17 11:36:08 +0000 OX-plugins-5b9f91a630f0f [     info]  Executing _checkMenus for vastServeVideoPlayer
Sep 17 11:36:08 +0000 OX-plugins-5b9f91a630f0f [     info]  Executing _registerSchema for vastServeVideoPlayer
Sep 17 11:36:08 +0000 OX-plugins-5b9f91a630f0f [     info]  Executing _registerPreferences for vastServeVideoPlayer
Sep 17 11:36:08 +0000 OX-plugins-5b9f91a630f0f [     info]  Executing _registerSettings for vastServeVideoPlayer
Sep 17 11:36:08 +0000 OX-plugins-5b9f91a630f0f [     info]  Executing disableComponentGroup for vastServeVideoPlayer
Sep 17 11:36:08 +0000 OX-plugins-5b9f91a630f0f [     info]  Executing _registerPluginVersion for vastServeVideoPlayer
Sep 17 11:36:08 +0000 OX-plugins-5b9f91a630f0f [     info]  Executing _runScript for vastServeVideoPlayer
Sep 17 11:36:09 +0000 OX-plugins-5b9f91a630f0f [     info]  Executing _checkOpenXCompatibility for videoReport
Sep 17 11:36:09 +0000 OX-plugins-5b9f91a630f0f [     info]  Executing _checkSystemEnvironment for videoReport
Sep 17 11:36:09 +0000 OX-plugins-5b9f91a630f0f [     info]  Executing _checkDatabaseEnvironment for videoReport
Sep 17 11:36:09 +0000 OX-plugins-5b9f91a630f0f [     info]  Executing _runScript for videoReport
Sep 17 11:36:09 +0000 OX-plugins-5b9f91a630f0f [     info]  Executing _checkDependenciesForInstallOrEnable for videoReport
Sep 17 11:36:09 +0000 OX-plugins-5b9f91a630f0f [     info]  Executing _checkFiles for videoReport
Sep 17 11:36:09 +0000 OX-plugins-5b9f91a630f0f [     info]  Executing _checkNavigationCheckers for videoReport
Sep 17 11:36:09 +0000 OX-plugins-5b9f91a630f0f [     info]  Executing _checkMenus for videoReport
Sep 17 11:36:09 +0000 OX-plugins-5b9f91a630f0f [     info]  Executing _registerSchema for videoReport
Sep 17 11:36:09 +0000 OX-plugins-5b9f91a630f0f [     info]  Executing _registerPreferences for videoReport
Sep 17 11:36:09 +0000 OX-plugins-5b9f91a630f0f [     info]  Executing _registerSettings for videoReport
Sep 17 11:36:09 +0000 OX-plugins-5b9f91a630f0f [     info]  Executing disableComponentGroup for videoReport
Sep 17 11:36:09 +0000 OX-plugins-5b9f91a630f0f [     info]  Executing _registerPluginVersion for videoReport
Sep 17 11:36:09 +0000 OX-plugins-5b9f91a630f0f [     info]  Executing _runScript for videoReport
Sep 17 11:36:10 +0000 OX-5b9f91a630f0f [  warning]  count(): Parameter must be an array or an object that implements Countable
Sep 17 11:36:16 +0000 OX-5b9f91aed8f75 [  warning]  count(): Parameter must be an array or an object that implements Countable
Sep 17 11:36:16 +0000 OX-5b9f91aed8f75 [  warning]  count(): Parameter must be an array or an object that implements Countable
Sep 17 11:36:36 +0000 OX-5b9f91c3006b7 [  warning]  count(): Parameter must be an array or an object that implements Countable
Sep 17 11:36:36 +0000 OX-5b9f91c3006b7 [  warning]  count(): Parameter must be an array or an object that implements Countable
Sep 17 11:36:44 +0000 OX-5b9f91cc06061 [  warning]  count(): Parameter must be an array or an object that implements Countable
Sep 17 11:36:44 +0000 OX-5b9f91cc06061 [  warning]  count(): Parameter must be an array or an object that implements Countable
Sep 17 11:36:46 +0000 OX-5b9f91cda709b [  warning]  count(): Parameter must be an array or an object that implements Countable
Sep 17 11:36:46 +0000 OX-5b9f91cda709b [  warning]  count(): Parameter must be an array or an object that implements Countable
Sep 17 11:36:48 +0000 OX-5b9f91d02671f [  warning]  count(): Parameter must be an array or an object that implements Countable
Sep 17 11:36:48 +0000 OX-5b9f91d02671f [  warning]  count(): Parameter must be an array or an object that implements Countable
Sep 17 11:36:51 +0000 OX-5b9f91d29b5d2 [  warning]  count(): Parameter must be an array or an object that implements Countable
Sep 17 11:36:51 +0000 OX-5b9f91d29b5d2 [  warning]  count(): Parameter must be an array or an object that implements Countable
Sep 17 11:36:53 +0000 OX-5b9f91d4cb221 [  warning]  count(): Parameter must be an array or an object that implements Countable
Sep 17 11:36:53 +0000 OX-5b9f91d4cb221 [  warning]  count(): Parameter must be an array or an object that implements Countable
Sep 17 11:36:53 +0000 OX-5b9f91d4cb221 [  warning]  Declaration of OA_Admin_UI_Rule_Min::validate($value, $min) should be compatible with HTML_QuickForm_Rule::validate($value)
Sep 17 11:37:10 +0000 OX-5b9f91e5c6040 [  warning]  Declaration of OA_Admin_UI_Rule_Min::validate($value, $min) should be compatible with HTML_QuickForm_Rule::validate($value)
Sep 17 11:37:11 +0000 OX-5b9f91e6e35b0 [  warning]  count(): Parameter must be an array or an object that implements Countable
Sep 17 11:37:11 +0000 OX-5b9f91e6e35b0 [  warning]  count(): Parameter must be an array or an object that implements Countable
Sep 17 11:37:49 +0000 OX-5b9f920c46886 [  warning]  count(): Parameter must be an array or an object that implements Countable
Sep 17 11:37:51 +0000 OX-5b9f920e52f3c [  warning]  Declaration of HTML_QuickForm_file::_findValue() should be compatible with HTML_QuickForm_element::_findValue(&amp;$values)
Sep 17 11:38:27 +0000 OX-5b9f923221af4 [  warning]  Declaration of HTML_QuickForm_file::_findValue() should be compatible with HTML_QuickForm_element::_findValue(&amp;$values)
Sep 17 11:41:43 +0000 OX-5b9f92f63b2ee [  warning]  Declaration of HTML_QuickForm_file::_findValue() should be compatible with HTML_QuickForm_element::_findValue(&amp;$values)
Sep 17 11:48:27 +0000 OX-5b9f948a40803 [  warning]  count(): Parameter must be an array or an object that implements Countable
Sep 17 11:48:27 +0000 OX-5b9f948a82904 [  warning]  count(): Parameter must be an array or an object that implements Countable
Sep 17 11:48:31 +0000 OX-5b9f948e0f250 [  warning]  Declaration of HTML_QuickForm_file::_findValue() should be compatible with HTML_QuickForm_element::_findValue(&amp;$values)
Sep 17 11:48:39 +0000 OX-5b9f949620cb7 [  warning]  Declaration of HTML_QuickForm_file::_findValue() should be compatible with HTML_QuickForm_element::_findValue(&amp;$values)
Sep 17 11:48:56 +0000 OX-5b9f94a7863d7 [  warning]  Declaration of HTML_QuickForm_file::_findValue() should be compatible with HTML_QuickForm_element::_findValue(&amp;$values)
 
Sep 17 11:49:00 +0000 OX-maintenance-5b9f94ab83977 [     info]  Running Maintenance Priority Engine
Sep 17 11:49:00 +0000 OX-maintenance-5b9f94ab83977 [     info]  Task begin: OA_Maintenance_Priority_AdServer_Task_GetRequiredAdImpressionsLifetime
Sep 17 11:49:00 +0000 OX-maintenance-5b9f94ab83977 [     info]  Task complete: OA_Maintenance_Priority_AdServer_Task_GetRequiredAdImpressionsLifetime
Sep 17 11:49:00 +0000 OX-maintenance-5b9f94ab83977 [     info]  Task begin: OA_Maintenance_Priority_AdServer_Task_GetRequiredAdImpressionsDaily
Sep 17 11:49:00 +0000 OX-maintenance-5b9f94ab83977 [     info]  Task complete: OA_Maintenance_Priority_AdServer_Task_GetRequiredAdImpressionsDaily
Sep 17 11:49:00 +0000 OX-maintenance-5b9f94ab83977 [     info]  Task begin: OA_Maintenance_Priority_AdServer_Task_AllocateZoneImpressions
Sep 17 11:49:00 +0000 OX-maintenance-5b9f94ab83977 [     info]    - Selecting Zones forecasts for all managers for OI from 2018-09-17 11:00:00 to 2018-09-17 11:59:59
Sep 17 11:49:00 +0000 OX-maintenance-5b9f94ab83977 [     info]  Task complete: OA_Maintenance_Priority_AdServer_Task_AllocateZoneImpressions
Sep 17 11:49:00 +0000 OX-maintenance-5b9f94ab83977 [     info]  Task begin: OA_Maintenance_Priority_AdServer_Task_PriorityCompensation
Sep 17 11:49:00 +0000 OX-maintenance-5b9f94ab83977 [     info]    - Selecting Zones forecasts for all managers for OI from 2018-09-17 11:00:00 to 2018-09-17 11:59:59
Sep 17 11:49:00 +0000 OX-maintenance-5b9f94ab83977 [     info]  Task complete: OA_Maintenance_Priority_AdServer_Task_PriorityCompensation
Sep 17 11:49:00 +0000 OX-maintenance-5b9f94ab83977 [     info]  Task begin: OA_Maintenance_Priority_AdServer_Task_ECPMforContract
Sep 17 11:49:00 +0000 OX-maintenance-5b9f94ab83977 [     info]  - Selecting All Managers
Sep 17 11:49:00 +0000 OX-maintenance-5b9f94ab83977 [     info]    - Selecting active campaigns with priority = '9' for manager 1
Sep 17 11:49:00 +0000 OX-maintenance-5b9f94ab83977 [     info]    - Selecting active campaigns with priority = '8' for manager 1
Sep 17 11:49:00 +0000 OX-maintenance-5b9f94ab83977 [     info]    - Selecting active campaigns with priority = '7' for manager 1
Sep 17 11:49:00 +0000 OX-maintenance-5b9f94ab83977 [     info]    - Selecting active campaigns with priority = '6' for manager 1
Sep 17 11:49:00 +0000 OX-maintenance-5b9f94ab83977 [     info]  Task complete: OA_Maintenance_Priority_AdServer_Task_ECPMforContract
Sep 17 11:49:00 +0000 OX-maintenance-5b9f94ab83977 [     info]  Task begin: OA_Maintenance_Priority_AdServer_Task_ECPMforRemnant
Sep 17 11:49:00 +0000 OX-maintenance-5b9f94ab83977 [     info]  - Selecting Managers with ECPM priority campaigns running
Sep 17 11:49:00 +0000 OX-maintenance-5b9f94ab83977 [     info]  Task complete: OA_Maintenance_Priority_AdServer_Task_ECPMforRemnant
Sep 17 11:49:00 +0000 OX-maintenance-5b9f94ab83977 [     info]  Maintenance Priority Engine Completed (Started at 2018-09-17 11:49:00 UTC)
Sep 17 11:49:18 +0000 OX-5b9f94bdb7f7b [  warning]  Declaration of HTML_QuickForm_file::_findValue() should be compatible with HTML_QuickForm_element::_findValue(&amp;$values)
Sep 17 11:49:43 +0000 OX-5b9f94d72977d [  warning]  count(): Parameter must be an array or an object that implements Countable
Sep 17 11:49:43 +0000 OX-5b9f94d72977d [  warning]  count(): Parameter must be an array or an object that implements Countable
Sep 17 11:49:49 +0000 OX-5b9f94dcd3638 [  warning]  count(): Parameter must be an array or an object that implements Countable
Sep 17 11:49:49 +0000 OX-5b9f94dcd3638 [  warning]  count(): Parameter must be an array or an object that implements Countable
Sep 17 11:49:52 +0000 OX-5b9f94e02837a [  warning]  count(): Parameter must be an array or an object that implements Countable
Sep 17 11:49:52 +0000 OX-5b9f94e02837a [  warning]  count(): Parameter must be an array or an object that implements Countable
Sep 17 11:50:11 +0000 OX-5b9f94f2db19a [  warning]  count(): Parameter must be an array or an object that implements Countable
Sep 17 11:50:11 +0000 OX-5b9f94f2db19a [  warning]  count(): Parameter must be an array or an object that implements Countable
Sep 17 11:50:11 +0000 OX-5b9f94f2db19a [  warning]  Use of undefined constant type - assumed 'type' (this will throw an Error in a future version of PHP)
Sep 17 11:50:11 +0000 OX-5b9f94f2db19a [  warning]  Use of undefined constant type - assumed 'type' (this will throw an Error in a future version of PHP)
Sep 17 11:50:11 +0000 OX-5b9f94f2db19a [  warning]  Use of undefined constant type - assumed 'type' (this will throw an Error in a future version of PHP)
Sep 17 11:50:11 +0000 OX-5b9f94f2db19a [  warning]  Use of undefined constant type - assumed 'type' (this will throw an Error in a future version of PHP)
Sep 17 11:50:11 +0000 OX-5b9f94f2db19a [  warning]  Use of undefined constant type - assumed 'type' (this will throw an Error in a future version of PHP)
Sep 17 11:50:11 +0000 OX-5b9f94f2db19a [  warning]  Use of undefined constant type - assumed 'type' (this will throw an Error in a future version of PHP)
Sep 17 11:50:11 +0000 OX-5b9f94f2db19a [  warning]  count(): Parameter must be an array or an object that implements Countable
Sep 17 11:50:11 +0000 OX-5b9f94f2db19a [  warning]  count(): Parameter must be an array or an object that implements Countable
Sep 17 11:50:16 +0000 OX-5b9f94f792de9 [  warning]  count(): Parameter must be an array or an object that implements Countable
Sep 17 11:50:16 +0000 OX-5b9f94f792de9 [  warning]  count(): Parameter must be an array or an object that implements Countable
Sep 17 11:50:24 +0000 OX-5b9f94ff83f34 [  warning]  count(): Parameter must be an array or an object that implements Countable
Sep 17 11:50:24 +0000 OX-5b9f94ff83f34 [  warning]  count(): Parameter must be an array or an object that implements Countable
Sep 17 11:50:26 +0000 OX-5b9f950224068 [  warning]  count(): Parameter must be an array or an object that implements Countable
Sep 17 11:50:26 +0000 OX-5b9f950224068 [  warning]  count(): Parameter must be an array or an object that implements Countable
Sep 17 11:50:59 +0000 OX-5b9f952338c3e [  warning]  count(): Parameter must be an array or an object that implements Countable
Sep 17 11:50:59 +0000 OX-5b9f952338c3e [  warning]  count(): Parameter must be an array or an object that implements Countable
Sep 17 11:51:05 +0000 OX-5b9f9528e37fd [  warning]  count(): Parameter must be an array or an object that implements Countable
Sep 17 11:51:05 +0000 OX-5b9f9528e37fd [  warning]  count(): Parameter must be an array or an object that implements Countable
Sep 17 11:51:07 +0000 OX-5b9f952a92a7e [  warning]  count(): Parameter must be an array or an object that implements Countable
Sep 17 11:51:07 +0000 OX-5b9f952a92a7e [  warning]  count(): Parameter must be an array or an object that implements Countable
Sep 17 11:51:20 +0000 OX-5b9f95383cfa5 [  warning]  count(): Parameter must be an array or an object that implements Countable
Sep 17 11:51:20 +0000 OX-5b9f95383cfa5 [  warning]  count(): Parameter must be an array or an object that implements Countable
 
Sep 17 11:53:24 +0000 OX-maintenance-5b9f95b3e0c3c [     info]  Running Maintenance Priority Engine
Sep 17 11:53:24 +0000 OX-maintenance-5b9f95b3e0c3c [     info]  Task begin: OA_Maintenance_Priority_AdServer_Task_GetRequiredAdImpressionsLifetime
Sep 17 11:53:24 +0000 OX-maintenance-5b9f95b3e0c3c [     info]  Task complete: OA_Maintenance_Priority_AdServer_Task_GetRequiredAdImpressionsLifetime
Sep 17 11:53:24 +0000 OX-maintenance-5b9f95b3e0c3c [     info]  Task begin: OA_Maintenance_Priority_AdServer_Task_GetRequiredAdImpressionsDaily
Sep 17 11:53:24 +0000 OX-maintenance-5b9f95b3e0c3c [     info]  Task complete: OA_Maintenance_Priority_AdServer_Task_GetRequiredAdImpressionsDaily
Sep 17 11:53:24 +0000 OX-maintenance-5b9f95b3e0c3c [     info]  Task begin: OA_Maintenance_Priority_AdServer_Task_AllocateZoneImpressions
Sep 17 11:53:24 +0000 OX-maintenance-5b9f95b3e0c3c [     info]    - Selecting Zones forecasts for all managers for OI from 2018-09-17 11:00:00 to 2018-09-17 11:59:59
Sep 17 11:53:24 +0000 OX-maintenance-5b9f95b3e0c3c [     info]  Task complete: OA_Maintenance_Priority_AdServer_Task_AllocateZoneImpressions
Sep 17 11:53:24 +0000 OX-maintenance-5b9f95b3e0c3c [     info]  Task begin: OA_Maintenance_Priority_AdServer_Task_PriorityCompensation
Sep 17 11:53:24 +0000 OX-maintenance-5b9f95b3e0c3c [     info]    - Selecting Zones forecasts for all managers for OI from 2018-09-17 11:00:00 to 2018-09-17 11:59:59
Sep 17 11:53:25 +0000 OX-maintenance-5b9f95b3e0c3c [     info]  Task complete: OA_Maintenance_Priority_AdServer_Task_PriorityCompensation
Sep 17 11:53:25 +0000 OX-maintenance-5b9f95b3e0c3c [     info]  Task begin: OA_Maintenance_Priority_AdServer_Task_ECPMforContract
Sep 17 11:53:25 +0000 OX-maintenance-5b9f95b3e0c3c [     info]  - Selecting All Managers
Sep 17 11:53:25 +0000 OX-maintenance-5b9f95b3e0c3c [     info]    - Selecting active campaigns with priority = '9' for manager 1
Sep 17 11:53:25 +0000 OX-maintenance-5b9f95b3e0c3c [     info]    - Selecting active campaigns with priority = '8' for manager 1
Sep 17 11:53:25 +0000 OX-maintenance-5b9f95b3e0c3c [     info]    - Selecting active campaigns with priority = '7' for manager 1
Sep 17 11:53:25 +0000 OX-maintenance-5b9f95b3e0c3c [     info]    - Selecting active campaigns with priority = '6' for manager 1
Sep 17 11:53:25 +0000 OX-maintenance-5b9f95b3e0c3c [     info]  Task complete: OA_Maintenance_Priority_AdServer_Task_ECPMforContract
Sep 17 11:53:25 +0000 OX-maintenance-5b9f95b3e0c3c [     info]  Task begin: OA_Maintenance_Priority_AdServer_Task_ECPMforRemnant
Sep 17 11:53:25 +0000 OX-maintenance-5b9f95b3e0c3c [     info]  - Selecting Managers with ECPM priority campaigns running
Sep 17 11:53:25 +0000 OX-maintenance-5b9f95b3e0c3c [     info]  Task complete: OA_Maintenance_Priority_AdServer_Task_ECPMforRemnant
Sep 17 11:53:25 +0000 OX-maintenance-5b9f95b3e0c3c [     info]  Maintenance Priority Engine Completed (Started at 2018-09-17 11:53:24 UTC)
Sep 17 11:53:33 +0000 OX-5b9f95bd11ac0 [  warning]  Declaration of HTML_QuickForm_file::_findValue() should be compatible with HTML_QuickForm_element::_findValue(&amp;$values)
Sep 17 11:56:23 +0000 OX-5b9f966725edf [     info]  Running Automatic Maintenance Task
 
 
Sep 17 11:56:23 +0000 OX-maintenance-5b9f966725edf [     info]  Running Maintenance Engine
Sep 17 11:56:23 +0000 OX-maintenance-5b9f966725edf [     info]  Running Maintenance Statistics Engine
Sep 17 11:56:23 +0000 OX-maintenance-5b9f966725edf [     info]  Task begin: OX_Maintenance_Statistics_Task_SetUpdateRequirements
Sep 17 11:56:24 +0000 OX-maintenance-5b9f966725edf [     info]  - Maintenance statistics will NOT be run
Sep 17 11:56:24 +0000 OX-maintenance-5b9f966725edf [     info]  Task complete: OX_Maintenance_Statistics_Task_SetUpdateRequirements
Sep 17 11:56:24 +0000 OX-maintenance-5b9f966725edf [     info]  Task begin: OX_Maintenance_Statistics_Task_MigrateBucketData
Sep 17 11:56:24 +0000 OX-maintenance-5b9f966725edf [     info]  Task complete: OX_Maintenance_Statistics_Task_MigrateBucketData
Sep 17 11:56:24 +0000 OX-maintenance-5b9f966725edf [     info]  Task begin: OX_Maintenance_Statistics_Task_DeDuplicateConversions
Sep 17 11:56:24 +0000 OX-maintenance-5b9f966725edf [     info]  Task complete: OX_Maintenance_Statistics_Task_DeDuplicateConversions
Sep 17 11:56:24 +0000 OX-maintenance-5b9f966725edf [     info]  Task begin: OX_Maintenance_Statistics_Task_ManageConversions
Sep 17 11:56:24 +0000 OX-maintenance-5b9f966725edf [     info]  Task complete: OX_Maintenance_Statistics_Task_ManageConversions
Sep 17 11:56:24 +0000 OX-maintenance-5b9f966725edf [     info]  Task begin: OX_Maintenance_Statistics_Task_SummariseFinal
Sep 17 11:56:24 +0000 OX-maintenance-5b9f966725edf [     info]  Task complete: OX_Maintenance_Statistics_Task_SummariseFinal
Sep 17 11:56:24 +0000 OX-maintenance-5b9f966725edf [     info]  Task begin: OX_Maintenance_Statistics_Task_LogCompletion
Sep 17 11:56:24 +0000 OX-maintenance-5b9f966725edf [     info]  Task complete: OX_Maintenance_Statistics_Task_LogCompletion
Sep 17 11:56:24 +0000 OX-maintenance-5b9f966725edf [     info]  Task begin: OX_Maintenance_Statistics_Task_ManageCampaigns
Sep 17 11:56:24 +0000 OX-maintenance-5b9f966725edf [     info]  Task complete: OX_Maintenance_Statistics_Task_ManageCampaigns
Sep 17 11:56:24 +0000 OX-maintenance-5b9f966725edf [     info]  Maintenance Statistics Engine Completed (Started at 2018-09-17 11:56:23 UTC)
Sep 17 11:56:24 +0000 OX-5b9f966725edf [     info]  Running Midnight Maintenance Tasks
Sep 17 11:56:24 +0000 OX-5b9f966725edf [     info]  Begin pruning old records from data_summary_ad_zone_assoc
Sep 17 11:56:24 +0000 OX-5b9f966725edf [     info]  Finished pruning old records from data_summary_ad_zone_assoc: 0 records deleted
Sep 17 11:56:24 +0000 OX-5b9f966725edf [     info]  Begin pruning records for expired inactive campaigns from data_summary_ad_zone_assoc
Sep 17 11:56:24 +0000 OX-5b9f966725edf [     info]  Finished pruning expired inactive campaigns from data_summary_ad_zone_assoc: 0 records deleted
Sep 17 11:56:24 +0000 OX-5b9f966725edf [     info]  Begin pruning records for completed inactive campaigns from data_summary_ad_zone_assoc
Sep 17 11:56:24 +0000 OX-5b9f966725edf [     info]  Table rv_data_summary_ad_zone_assoc overhead (number of allocated but unused bytes) = 0
Sep 17 11:56:24 +0000 OX-5b9f966725edf [     info]  Midnight Maintenance Tasks Completed
Sep 17 11:56:24 +0000 OX-maintenance-5b9f966725edf [     info]  Running Maintenance Priority Engine
Sep 17 11:56:24 +0000 OX-maintenance-5b9f966725edf [     info]  Task begin: OA_Maintenance_Priority_AdServer_Task_GetRequiredAdImpressionsLifetime
Sep 17 11:56:24 +0000 OX-maintenance-5b9f966725edf [     info]  Task complete: OA_Maintenance_Priority_AdServer_Task_GetRequiredAdImpressionsLifetime
Sep 17 11:56:24 +0000 OX-maintenance-5b9f966725edf [     info]  Task begin: OA_Maintenance_Priority_AdServer_Task_GetRequiredAdImpressionsDaily
Sep 17 11:56:24 +0000 OX-maintenance-5b9f966725edf [     info]  Task complete: OA_Maintenance_Priority_AdServer_Task_GetRequiredAdImpressionsDaily
Sep 17 11:56:24 +0000 OX-maintenance-5b9f966725edf [     info]  Task begin: OA_Maintenance_Priority_AdServer_Task_AllocateZoneImpressions
Sep 17 11:56:24 +0000 OX-maintenance-5b9f966725edf [     info]    - Selecting Zones forecasts for all managers for OI from 2018-09-17 11:00:00 to 2018-09-17 11:59:59
Sep 17 11:56:24 +0000 OX-maintenance-5b9f966725edf [     info]  Task complete: OA_Maintenance_Priority_AdServer_Task_AllocateZoneImpressions
Sep 17 11:56:24 +0000 OX-maintenance-5b9f966725edf [     info]  Task begin: OA_Maintenance_Priority_AdServer_Task_PriorityCompensation
Sep 17 11:56:24 +0000 OX-maintenance-5b9f966725edf [     info]    - Selecting Zones forecasts for all managers for OI from 2018-09-17 11:00:00 to 2018-09-17 11:59:59
Sep 17 11:56:24 +0000 OX-maintenance-5b9f966725edf [     info]  Task complete: OA_Maintenance_Priority_AdServer_Task_PriorityCompensation
Sep 17 11:56:24 +0000 OX-maintenance-5b9f966725edf [     info]  Task begin: OA_Maintenance_Priority_AdServer_Task_ECPMforContract
Sep 17 11:56:24 +0000 OX-maintenance-5b9f966725edf [     info]  - Selecting All Managers
Sep 17 11:56:24 +0000 OX-maintenance-5b9f966725edf [     info]    - Selecting active campaigns with priority = '9' for manager 1
Sep 17 11:56:24 +0000 OX-maintenance-5b9f966725edf [     info]    - Selecting active campaigns with priority = '8' for manager 1
Sep 17 11:56:24 +0000 OX-maintenance-5b9f966725edf [     info]    - Selecting active campaigns with priority = '7' for manager 1
Sep 17 11:56:24 +0000 OX-maintenance-5b9f966725edf [     info]    - Selecting active campaigns with priority = '6' for manager 1
Sep 17 11:56:24 +0000 OX-maintenance-5b9f966725edf [     info]  Task complete: OA_Maintenance_Priority_AdServer_Task_ECPMforContract
Sep 17 11:56:24 +0000 OX-maintenance-5b9f966725edf [     info]  Task begin: OA_Maintenance_Priority_AdServer_Task_ECPMforRemnant
Sep 17 11:56:24 +0000 OX-maintenance-5b9f966725edf [     info]  - Selecting Managers with ECPM priority campaigns running
Sep 17 11:56:24 +0000 OX-maintenance-5b9f966725edf [     info]  Task complete: OA_Maintenance_Priority_AdServer_Task_ECPMforRemnant
Sep 17 11:56:24 +0000 OX-maintenance-5b9f966725edf [     info]  Maintenance Priority Engine Completed (Started at 2018-09-17 11:56:23 UTC)
Sep 17 11:56:24 +0000 OX-maintenance-5b9f966725edf [     info]  Maintenance Engine Completed (Started at 2018-09-17 11:56:23 UTC, taking 00:00:01)
Sep 17 11:56:24 +0000 OX-5b9f966725edf [     info]  Delaying Revive Adserver sync process by 17 seconds.
Sep 17 11:56:41 +0000 OX-5b9f966725edf [     info]  Generating a new platform_hash for the installation
Sep 17 11:56:42 +0000 OX-5b9f966725edf [     info]  Sync: No update
Sep 17 11:56:42 +0000 OX-5b9f966725edf [     info]  Finished Revive Adserver Sync process.
Sep 17 11:56:42 +0000 OX-5b9f966725edf [     info]  Automatic Maintenance Task Completed
